\BOOKMARK [0][-]{chapter.1}{\376\377\173\227\154\325\127\372\170\100}{}% 1
\BOOKMARK [1][-]{section.1.1}{\376\377\145\366\225\364\131\015\147\102\136\246}{chapter.1}% 2
\BOOKMARK [1][-]{section.1.2}{\376\377\211\343\230\230\143\320\221\222}{chapter.1}% 3
\BOOKMARK [2][-]{subsection.1.2.1}{\376\377\173\111\116\367\141\017\140\035\000.\000.\173\200\123\026\230\230\166\356}{section.1.2}% 4
\BOOKMARK [2][-]{subsection.1.2.2}{\376\377\147\011\145\340\147\000\117\030\133\120\176\323\147\204}{section.1.2}% 5
\BOOKMARK [2][-]{subsection.1.2.3}{\376\377\140\363\220\032\123\357\210\114\121\215\133\236\215\365}{section.1.2}% 6
\BOOKMARK [1][-]{section.1.3}{\376\377\122\006\154\273\140\035\140\363}{chapter.1}% 7
\BOOKMARK [2][-]{subsection.1.3.1}{\376\377\127\372\147\054\151\202\137\365}{section.1.3}% 8
\BOOKMARK [2][-]{subsection.1.3.2}{\376\377\127\372\147\054\140\035\140\363\123\312\173\126\165\145}{section.1.3}% 9
\BOOKMARK [2][-]{subsection.1.3.3}{\376\377\122\006\154\273\154\325\220\002\165\050\166\204\140\305\121\265}{section.1.3}% 10
\BOOKMARK [2][-]{subsection.1.3.4}{\376\377\127\372\147\054\153\145\232\244}{section.1.3}% 11
\BOOKMARK [2][-]{subsection.1.3.5}{\376\377\123\357\117\177\165\050\122\006\154\273\154\325\154\102\211\343\166\204\116\000\116\233\176\317\121\170\225\356\230\230}{section.1.3}% 12
\BOOKMARK [2][-]{subsection.1.3.6}{\376\377\117\235\143\156\122\006\154\273\154\325\213\276\213\241\172\013\136\217\145\366\166\204\140\035\176\364\217\307\172\013}{section.1.3}% 13
\BOOKMARK [1][-]{section.1.4}{\376\377\122\250\140\001\211\304\122\022\140\035\140\363}{chapter.1}% 14
\BOOKMARK [2][-]{subsection.1.4.1}{\376\377\127\372\147\054\151\202\137\365}{section.1.4}% 15
\BOOKMARK [2][-]{subsection.1.4.2}{\376\377\127\372\147\054\140\035\140\363\124\214\173\126\165\145}{section.1.4}% 16
\BOOKMARK [2][-]{subsection.1.4.3}{\376\377\220\002\165\050\166\204\140\305\121\265}{section.1.4}% 17
\BOOKMARK [2][-]{subsection.1.4.4}{\376\377\117\213\230\230\213\364\146\016}{section.1.4}% 18
\BOOKMARK [2][-]{subsection.1.4.5}{\376\377\230\230\166\356}{section.1.4}% 19
\BOOKMARK [1][-]{section.1.5}{\376\377\215\052\137\303\173\227\154\325\140\035\140\363}{chapter.1}% 20
\BOOKMARK [2][-]{subsection.1.5.1}{\376\377\127\372\147\054\151\202\137\365}{section.1.5}% 21
\BOOKMARK [2][-]{subsection.1.5.2}{\376\377\127\372\147\054\140\035\140\363\124\214\173\126\165\145}{section.1.5}% 22
\BOOKMARK [2][-]{subsection.1.5.3}{\376\377\220\002\165\050\166\204\140\305\121\265}{section.1.5}% 23
\BOOKMARK [2][-]{subsection.1.5.4}{\376\377\154\102\211\343\166\204\127\372\147\054\153\145\232\244}{section.1.5}% 24
\BOOKMARK [2][-]{subsection.1.5.5}{\376\377\173\227\154\325\133\236\163\260\166\204\213\364\146\016}{section.1.5}% 25
\BOOKMARK [2][-]{subsection.1.5.6}{\376\377\116\016\122\250\140\001\211\304\122\022\166\204\123\072\122\053}{section.1.5}% 26
\BOOKMARK [1][-]{section.1.6}{\376\377\123\302\200\003}{chapter.1}% 27
\BOOKMARK [0][-]{chapter.2}{\376\377\122\121\143\007}{}% 28
\BOOKMARK [1][-]{section.2.1}{\376\377\127\372\170\100\167\345\213\306}{chapter.2}% 29
\BOOKMARK [2][-]{subsection.2.1.1}{\376\377\000C\000+\000+}{section.2.1}% 30
\BOOKMARK [2][-]{subsection.2.1.2}{\376\377\145\160\143\156\176\323\147\204}{section.2.1}% 31
\BOOKMARK [2][-]{subsection.2.1.3}{\376\377\211\343\230\230\122\006\147\220}{section.2.1}% 32
\BOOKMARK [1][-]{section.2.2}{\376\377\232\330\215\050\221\317\116\343\170\001}{chapter.2}% 33
\BOOKMARK [2][-]{subsection.2.2.1}{\376\377\116\343\170\001\166\204\215\050\221\317}{section.2.2}% 34
\BOOKMARK [2][-]{subsection.2.2.2}{\376\377\116\343\170\001\166\204\211\304\203\003\140\047}{section.2.2}% 35
\BOOKMARK [2][-]{subsection.2.2.3}{\376\377\116\343\170\001\166\204\133\214\145\164\140\047}{section.2.2}% 36
\BOOKMARK [2][-]{subsection.2.2.4}{\376\377\116\343\170\001\166\204\234\201\150\322\140\047}{section.2.2}% 37
\BOOKMARK [2][-]{subsection.2.2.5}{\376\377\134\017\176\323}{section.2.2}% 38
\BOOKMARK [1][-]{section.2.3}{\376\377\211\343\230\230\140\035\215\357}{chapter.2}% 39
\BOOKMARK [2][-]{subsection.2.3.1}{\376\377\165\073\126\376\213\251\142\275\214\141\137\142\214\141\123\026}{section.2.3}% 40
\BOOKMARK [2][-]{subsection.2.3.2}{\376\377\116\076\117\213\213\251\142\275\214\141\121\167\117\123\123\026}{section.2.3}% 41
\BOOKMARK [2][-]{subsection.2.3.3}{\376\377\122\006\211\343\213\251\131\015\147\102\225\356\230\230\173\200\123\026}{section.2.3}% 42
\BOOKMARK [1][-]{section.2.4}{\376\377\117\030\123\026\145\366\225\364\124\214\172\172\225\364\145\110\163\207}{chapter.2}% 43
\BOOKMARK [2][-]{subsection.2.4.1}{\376\377\145\366\225\364\145\110\163\207}{section.2.4}% 44
\BOOKMARK [2][-]{subsection.2.4.2}{\376\377\145\366\225\364\145\110\163\207\116\016\172\172\225\364\145\110\163\207\166\204\136\163\210\141}{section.2.4}% 45
\BOOKMARK [1][-]{section.2.5}{\376\377\200\375\122\233\117\123\163\260\173\307}{chapter.2}% 46
\BOOKMARK [2][-]{subsection.2.5.1}{\376\377\167\345\213\306\217\301\171\373\200\375\122\233}{section.2.5}% 47
\BOOKMARK [2][-]{subsection.2.5.2}{\376\377\142\275\214\141\136\372\152\041\200\375\122\233}{section.2.5}% 48
\BOOKMARK [2][-]{subsection.2.5.3}{\376\377\140\035\176\364\123\321\145\143\200\375\122\233}{section.2.5}% 49
\BOOKMARK [0][-]{chapter.3}{\376\377\177\026\172\013\116\113\177\216}{}% 50
\BOOKMARK [1][-]{section.3.1}{\376\377\145\160\133\127\116\055\166\204\142\200\135\347}{chapter.3}% 51
\BOOKMARK [2][-]{subsection.3.1.1}{\376\377\154\102\116\214\217\333\122\066\145\160\116\055\0001\166\204\116\052\145\160\000\040}{section.3.1}% 52
\BOOKMARK [2][-]{subsection.3.1.2}{\376\377\116\015\211\201\210\253\226\066\116\130\124\023\122\060}{section.3.1}% 53
\BOOKMARK [2][-]{subsection.3.1.3}{\376\377\133\373\142\176\215\205\217\307\123\140\153\324\0001\000/\0002\166\204\000I\000D\000\040}{section.3.1}% 54
\BOOKMARK [2][-]{subsection.3.1.4}{\376\377\0001\166\204\145\160\166\356\000\040}{section.3.1}% 55
\BOOKMARK [2][-]{subsection.3.1.5}{\376\377\133\373\142\176\147\000\131\047\166\204\000k\116\052\145\160\000\040}{section.3.1}% 56
\BOOKMARK [2][-]{subsection.3.1.6}{\376\377\174\276\170\156\210\150\217\276\155\156\160\271\145\160\000\040}{section.3.1}% 57
\BOOKMARK [2][-]{subsection.3.1.7}{\376\377\147\000\131\047\121\154\176\246\145\160\225\356\230\230}{section.3.1}% 58
\BOOKMARK [2][-]{subsection.3.1.8}{\376\377\142\176\122\060\173\046\124\010\147\141\116\366\166\204\145\164\145\160\000\040}{section.3.1}% 59
\BOOKMARK [2][-]{subsection.3.1.9}{\376\377\145\220\154\342\220\243\131\121\145\160\122\027\000\040}{section.3.1}% 60
\BOOKMARK [2][-]{subsection.3.1.10}{\376\377\133\373\142\176\145\160\176\304\116\055\166\204\147\000\131\047\147\000\134\017\120\074}{section.3.1}% 61
\BOOKMARK [2][-]{subsection.3.1.11}{\376\377\133\373\142\176\147\000\217\321\160\271\133\371}{section.3.1}% 62
\BOOKMARK [2][-]{subsection.3.1.12}{\376\377\142\176\122\060\173\046\124\010\147\141\116\366\166\204\116\044\116\052\145\160}{section.3.1}% 63
\BOOKMARK [2][-]{subsection.3.1.13}{\376\377\133\120\145\160\176\304\166\204\147\000\131\047\116\130\171\357\000\040}{section.3.1}% 64
\BOOKMARK [2][-]{subsection.3.1.14}{\376\377\133\120\145\160\176\304\116\113\124\214\166\204\147\000\131\047\120\074}{section.3.1}% 65
\BOOKMARK [2][-]{subsection.3.1.15}{\376\377\133\120\145\160\176\304\116\113\124\214\166\204\147\000\131\047\120\074\000\050\116\214\176\364\000\051\000\040}{section.3.1}% 66
\BOOKMARK [2][-]{subsection.3.1.16}{\376\377\154\102\145\160\176\304\116\055\147\000\225\177\220\022\130\236\133\120\136\217\122\027\000\040}{section.3.1}% 67
\BOOKMARK [2][-]{subsection.3.1.17}{\376\377\145\160\176\304\137\252\163\257\171\373\117\115}{section.3.1}% 68
\BOOKMARK [2][-]{subsection.3.1.18}{\376\377\145\160\176\304\122\006\122\162}{section.3.1}% 69
\BOOKMARK [2][-]{subsection.3.1.19}{\376\377\123\072\225\364\221\315\124\010\122\044\145\255}{section.3.1}% 70
\BOOKMARK [2][-]{subsection.3.1.20}{\376\377\172\013\136\217\164\006\211\343\124\214\145\366\225\364\122\006\147\220\000\040}{section.3.1}% 71
\BOOKMARK [2][-]{subsection.3.1.21}{\376\377\123\352\200\003\122\240\154\325\166\204\227\142\213\325\230\230\000\040}{section.3.1}% 72
\BOOKMARK [1][-]{section.3.2}{\376\377\133\127\173\046\116\062\123\312\224\376\210\150\166\204\143\242\175\042}{chapter.3}% 73
\BOOKMARK [2][-]{subsection.3.2.1}{\376\377\133\127\173\046\116\062\171\373\117\115\123\005\124\053\166\204\225\356\230\230}{section.3.2}% 74
\BOOKMARK [2][-]{subsection.3.2.2}{\376\377\165\065\213\335\123\367\170\001\133\371\136\224\202\361\213\355\123\125\213\315}{section.3.2}% 75
\BOOKMARK [2][-]{subsection.3.2.3}{\376\377\213\241\173\227\133\127\173\046\116\062\166\204\166\370\117\074\136\246}{section.3.2}% 76
\BOOKMARK [2][-]{subsection.3.2.4}{\376\377\116\316\145\340\131\064\123\125\224\376\210\150\116\055\122\040\226\144\202\202\160\271}{section.3.2}% 77
\BOOKMARK [2][-]{subsection.3.2.5}{\376\377\147\000\167\355\144\130\211\201\166\204\165\037\142\020}{section.3.2}% 78
\BOOKMARK [2][-]{subsection.3.2.6}{\376\377\122\044\145\255\116\044\116\052\224\376\210\150\146\057\124\046\116\244\123\311}{section.3.2}% 79
\BOOKMARK [2][-]{subsection.3.2.7}{\376\377\226\037\122\027\116\055\123\326\147\000\131\047\120\074\144\315\117\134\225\356\230\230}{section.3.2}% 80
\BOOKMARK [2][-]{subsection.3.2.8}{\376\377\154\102\116\214\123\311\150\021\116\055\176\323\160\271\166\204\147\000\131\047\215\335\171\273}{section.3.2}% 81
\BOOKMARK [2][-]{subsection.3.2.9}{\376\377\221\315\136\372\116\214\123\311\150\021}{section.3.2}% 82
\BOOKMARK [2][-]{subsection.3.2.10}{\376\377\122\006\134\102\220\115\123\206\116\214\123\311\150\021}{section.3.2}% 83
\BOOKMARK [2][-]{subsection.3.2.11}{\376\377\116\214\122\006\147\345\142\176}{section.3.2}% 84
\BOOKMARK [1][-]{section.3.3}{\376\377\145\160\133\146\156\070\142\017}{chapter.3}% 85
\BOOKMARK [2][-]{subsection.3.3.1}{\376\377\221\321\122\032\127\120\230\336\147\072\225\356\230\230}{section.3.3}% 86
\BOOKMARK [2][-]{subsection.3.3.2}{\376\377\164\367\170\026\211\206\166\326\127\060\147\177}{section.3.3}% 87
\BOOKMARK [2][-]{subsection.3.3.3}{\376\377\116\160\171\150\142\176\226\366}{section.3.3}% 88
\BOOKMARK [2][-]{subsection.3.3.4}{\376\377\160\271\146\057\124\046\127\050\116\011\211\322\137\142\121\205}{section.3.3}% 89
\BOOKMARK [2][-]{subsection.3.3.5}{\376\377\170\301\136\046\145\207\116\366\133\130\145\076\117\030\123\026}{section.3.3}% 90
\BOOKMARK [2][-]{subsection.3.3.6}{\376\377\150\166\116\055\123\326\236\321\166\175\164\003}{section.3.3}% 91
\BOOKMARK [2][-]{subsection.3.3.7}{\376\377\206\202\206\201\162\054\147\106}{section.3.3}% 92
\BOOKMARK [2][-]{subsection.3.3.8}{\376\377\116\011\211\322\137\142\155\113\213\325\165\050\117\213}{section.3.3}% 93
\BOOKMARK [2][-]{subsection.3.3.9}{\376\377\145\160\162\354\167\345\131\032\134\021}{section.3.3}% 94
\BOOKMARK [2][-]{subsection.3.3.10}{\376\377\145\160\133\127\124\321\214\034\124\214\126\336\145\207}{section.3.3}% 95
\BOOKMARK [2][-]{subsection.3.3.11}{\376\377\142\153\226\367\156\070\142\017\166\204\151\202\163\207}{section.3.3}% 96
\BOOKMARK [0][-]{chapter.4}{\376\377\000A\000r\000r\000a\000y\000-\000\040\0008\0000}{}% 97
\BOOKMARK [1][-]{section.4.1}{\376\377\000T\000w\000o\000\040\000S\000u\000m}{chapter.4}% 98
\BOOKMARK [2][-]{subsection.4.1.1}{\376\377\225\356\230\230}{section.4.1}% 99
\BOOKMARK [2][-]{subsection.4.1.2}{\376\377\211\343\173\124}{section.4.1}% 100
\BOOKMARK [2][-]{subsection.4.1.3}{\376\377\000N\000o\000r\000m\000a\000l\000-\116\044\134\102\137\252\163\257}{section.4.1}% 101
\BOOKMARK [2][-]{subsection.4.1.4}{\376\377\000G\000o\000o\000d\000-\000H\000a\000s\000h\000T\000a\000b\000l\000e\000:\000H\000a\000s\000h\000M\000a\000p}{section.4.1}% 102
\BOOKMARK [1][-]{section.4.2}{\376\377\000M\000e\000d\000i\000a\000n\000\040\000o\000f\000\040\000T\000w\000o\000\040\000S\000o\000r\000t\000e\000d\000\040\000A\000r\000r\000a\000y\000s}{chapter.4}% 103
\BOOKMARK [2][-]{subsection.4.2.1}{\376\377\122\006\147\220}{section.4.2}% 104
\BOOKMARK [2][-]{subsection.4.2.2}{\376\377\211\343\173\124}{section.4.2}% 105
\BOOKMARK [1][-]{section.4.3}{\376\377\000W\000o\000r\000d\000\040\000L\000a\000d\000d\000e\000r\000\040\000I\000I}{chapter.4}% 106
\BOOKMARK [2][-]{subsection.4.3.1}{\376\377\122\006\147\220}{section.4.3}% 107
\BOOKMARK [2][-]{subsection.4.3.2}{\376\377\211\343\173\124}{section.4.3}% 108
\BOOKMARK [1][-]{section.4.4}{\376\377\0004\000S\000u\000m}{chapter.4}% 109
\BOOKMARK [2][-]{subsection.4.4.1}{\376\377\122\006\147\220}{section.4.4}% 110
\BOOKMARK [2][-]{subsection.4.4.2}{\376\377\211\343\173\124}{section.4.4}% 111
\BOOKMARK [1][-]{section.4.5}{\376\377\000R\000o\000t\000a\000t\000e\000\040\000A\000r\000r\000a\000y}{chapter.4}% 112
\BOOKMARK [2][-]{subsection.4.5.1}{\376\377\122\006\147\220}{section.4.5}% 113
\BOOKMARK [2][-]{subsection.4.5.2}{\376\377\211\343\173\124}{section.4.5}% 114
\BOOKMARK [1][-]{section.4.6}{\376\377\000M\000a\000x\000i\000m\000u\000m\000\040\000P\000r\000o\000d\000u\000c\000t\000\040\000S\000u\000b\000a\000r\000r\000a\000y}{chapter.4}% 115
\BOOKMARK [2][-]{subsection.4.6.1}{\376\377\122\006\147\220}{section.4.6}% 116
\BOOKMARK [2][-]{subsection.4.6.2}{\376\377\211\343\173\124}{section.4.6}% 117
\BOOKMARK [1][-]{section.4.7}{\376\377\000S\000p\000i\000r\000a\000l\000\040\000M\000a\000t\000r\000i\000x}{chapter.4}% 118
\BOOKMARK [2][-]{subsection.4.7.1}{\376\377\122\006\147\220}{section.4.7}% 119
\BOOKMARK [2][-]{subsection.4.7.2}{\376\377\211\343\173\124}{section.4.7}% 120
\BOOKMARK [1][-]{section.4.8}{\376\377\000F\000i\000r\000s\000t\000\040\000M\000i\000s\000s\000i\000n\000g\000\040\000P\000o\000s\000i\000t\000i\000v\000e}{chapter.4}% 121
\BOOKMARK [2][-]{subsection.4.8.1}{\376\377\122\006\147\220}{section.4.8}% 122
\BOOKMARK [2][-]{subsection.4.8.2}{\376\377\211\343\173\124}{section.4.8}% 123
\BOOKMARK [1][-]{section.4.9}{\376\377\000W\000o\000r\000d\000\040\000S\000e\000a\000r\000c\000h}{chapter.4}% 124
\BOOKMARK [2][-]{subsection.4.9.1}{\376\377\122\006\147\220}{section.4.9}% 125
\BOOKMARK [2][-]{subsection.4.9.2}{\376\377\211\343\173\124}{section.4.9}% 126
\BOOKMARK [1][-]{section.4.10}{\376\377\000L\000a\000r\000g\000e\000s\000t\000\040\000R\000e\000c\000t\000a\000n\000g\000l\000e\000\040\000i\000n\000\040\000H\000i\000s\000t\000o\000g\000r\000a\000m}{chapter.4}% 127
\BOOKMARK [2][-]{subsection.4.10.1}{\376\377\122\006\147\220}{section.4.10}% 128
\BOOKMARK [2][-]{subsection.4.10.2}{\376\377\211\343\173\124}{section.4.10}% 129
\BOOKMARK [1][-]{section.4.11}{\376\377\000J\000u\000m\000p\000\040\000G\000a\000m\000e\000\040\000I\000I}{chapter.4}% 130
\BOOKMARK [2][-]{subsection.4.11.1}{\376\377\122\006\147\220}{section.4.11}% 131
\BOOKMARK [2][-]{subsection.4.11.2}{\376\377\211\343\173\124}{section.4.11}% 132
\BOOKMARK [1][-]{section.4.12}{\376\377\000M\000a\000x\000i\000m\000a\000l\000\040\000R\000e\000c\000t\000a\000n\000g\000l\000e}{chapter.4}% 133
\BOOKMARK [2][-]{subsection.4.12.1}{\376\377\122\006\147\220}{section.4.12}% 134
\BOOKMARK [2][-]{subsection.4.12.2}{\376\377\211\343\173\124}{section.4.12}% 135
\BOOKMARK [0][-]{chapter.5}{\376\377\000H\000a\000s\000h\000\040\000T\000a\000b\000l\000e\000-\000\040\0005\0002}{}% 136
\BOOKMARK [1][-]{section.5.1}{\376\377\000L\000o\000n\000g\000e\000s\000t\000\040\000S\000u\000b\000s\000t\000r\000i\000n\000g\000\040\000W\000i\000t\000h\000o\000u\000t\000\040\000R\000e\000p\000e\000a\000t\000i\000n\000g\000\040\000C\000h\000a\000r\000a\000c\000t\000e\000r\000s}{chapter.5}% 137
\BOOKMARK [1][-]{section.5.2}{}{chapter.5}% 138
\BOOKMARK [2][-]{subsection.5.2.1}{\376\377\122\006\147\220}{section.5.2}% 139
\BOOKMARK [2][-]{subsection.5.2.2}{\376\377\211\343\173\124}{section.5.2}% 140
\BOOKMARK [1][-]{section.5.3}{}{chapter.5}% 141
\BOOKMARK [2][-]{subsection.5.3.1}{\376\377\122\006\147\220}{section.5.3}% 142
\BOOKMARK [2][-]{subsection.5.3.2}{\376\377\211\343\173\124}{section.5.3}% 143
\BOOKMARK [1][-]{section.5.4}{}{chapter.5}% 144
\BOOKMARK [2][-]{subsection.5.4.1}{\376\377\122\006\147\220}{section.5.4}% 145
\BOOKMARK [2][-]{subsection.5.4.2}{\376\377\211\343\173\124}{section.5.4}% 146
\BOOKMARK [1][-]{section.5.5}{}{chapter.5}% 147
\BOOKMARK [2][-]{subsection.5.5.1}{\376\377\122\006\147\220}{section.5.5}% 148
\BOOKMARK [2][-]{subsection.5.5.2}{\376\377\211\343\173\124}{section.5.5}% 149
\BOOKMARK [1][-]{section.5.6}{}{chapter.5}% 150
\BOOKMARK [2][-]{subsection.5.6.1}{\376\377\122\006\147\220}{section.5.6}% 151
\BOOKMARK [2][-]{subsection.5.6.2}{\376\377\211\343\173\124}{section.5.6}% 152
\BOOKMARK [1][-]{section.5.7}{}{chapter.5}% 153
\BOOKMARK [2][-]{subsection.5.7.1}{\376\377\122\006\147\220}{section.5.7}% 154
\BOOKMARK [2][-]{subsection.5.7.2}{\376\377\211\343\173\124}{section.5.7}% 155
\BOOKMARK [1][-]{section.5.8}{}{chapter.5}% 156
\BOOKMARK [2][-]{subsection.5.8.1}{\376\377\122\006\147\220}{section.5.8}% 157
\BOOKMARK [2][-]{subsection.5.8.2}{\376\377\211\343\173\124}{section.5.8}% 158
\BOOKMARK [1][-]{section.5.9}{}{chapter.5}% 159
\BOOKMARK [2][-]{subsection.5.9.1}{\376\377\122\006\147\220}{section.5.9}% 160
\BOOKMARK [2][-]{subsection.5.9.2}{\376\377\211\343\173\124}{section.5.9}% 161
\BOOKMARK [0][-]{chapter.6}{\376\377\000L\000i\000n\000k\000e\000d\000\040\000L\000i\000s\000t\000-\000\040\0002\0007}{}% 162
\BOOKMARK [1][-]{section.6.1}{\376\377\134\006\123\125\224\376\210\150\123\315\217\154}{chapter.6}% 163
\BOOKMARK [2][-]{subsection.6.1.1}{\376\377\211\343\173\124}{section.6.1}% 164
\BOOKMARK [1][-]{section.6.2}{\376\377\147\345\142\176\123\125\224\376\210\150\116\055\166\204\120\022\145\160\173\054\000K\116\052\176\323\160\271\377\010\000k\000\040\000>\000\040\0000\377\011}{chapter.6}% 165
\BOOKMARK [2][-]{subsection.6.2.1}{\376\377\211\343\173\124}{section.6.2}% 166
\BOOKMARK [1][-]{section.6.3}{\376\377\147\345\142\176\123\125\224\376\210\150\166\204\116\055\225\364\176\323\160\271}{chapter.6}% 167
\BOOKMARK [2][-]{subsection.6.3.1}{\376\377\211\343\173\124}{section.6.3}% 168
\BOOKMARK [1][-]{section.6.4}{\376\377\116\316\134\076\122\060\131\064\142\123\123\160\123\125\224\376\210\150}{chapter.6}% 169
\BOOKMARK [2][-]{subsection.6.4.1}{\376\377\122\006\147\220}{section.6.4}% 170
\BOOKMARK [2][-]{subsection.6.4.2}{\376\377\211\343\173\124}{section.6.4}% 171
\BOOKMARK [1][-]{section.6.5}{\376\377\135\362\167\345\116\044\116\052\123\125\224\376\210\150\000p\000H\000e\000a\000d\0001\000\040\124\214\000p\000H\000e\000a\000d\0002\000\040\124\004\201\352\147\011\136\217\377\014\142\212\133\203\116\354\124\010\136\166\142\020\116\000\116\052\224\376\210\150\117\235\161\066\147\011\136\217}{chapter.6}% 172
\BOOKMARK [2][-]{subsection.6.5.1}{\376\377\122\006\147\220}{section.6.5}% 173
\BOOKMARK [2][-]{subsection.6.5.2}{\376\377\211\343\173\124}{section.6.5}% 174
\BOOKMARK [1][-]{section.6.6}{\376\377\122\044\145\255\116\000\116\052\123\125\224\376\210\150\116\055\146\057\124\046\147\011\163\257}{chapter.6}% 175
\BOOKMARK [2][-]{subsection.6.6.1}{\376\377\122\006\147\220}{section.6.6}% 176
\BOOKMARK [2][-]{subsection.6.6.2}{\376\377\211\343\173\124}{section.6.6}% 177
\BOOKMARK [1][-]{section.6.7}{\376\377\122\044\145\255\116\044\116\052\123\125\224\376\210\150\146\057\124\046\166\370\116\244}{chapter.6}% 178
\BOOKMARK [2][-]{subsection.6.7.1}{\376\377\122\006\147\220}{section.6.7}% 179
\BOOKMARK [2][-]{subsection.6.7.2}{\376\377\211\343\173\124}{section.6.7}% 180
\BOOKMARK [1][-]{section.6.8}{\376\377\154\102\116\044\116\052\123\125\224\376\210\150\166\370\116\244\166\204\173\054\116\000\116\052\202\202\160\271}{chapter.6}% 181
\BOOKMARK [2][-]{subsection.6.8.1}{\376\377\122\006\147\220}{section.6.8}% 182
\BOOKMARK [2][-]{subsection.6.8.2}{\376\377\211\343\173\124}{section.6.8}% 183
\BOOKMARK [1][-]{section.6.9}{\376\377\135\362\167\345\116\000\116\052\123\125\224\376\210\150\116\055\133\130\127\050\163\257\377\014\154\102\217\333\121\145\163\257\116\055\166\204\173\054\116\000\116\052\202\202\160\271}{chapter.6}% 184
\BOOKMARK [2][-]{subsection.6.9.1}{\376\377\122\006\147\220}{section.6.9}% 185
\BOOKMARK [2][-]{subsection.6.9.2}{\376\377\211\343\173\124}{section.6.9}% 186
\BOOKMARK [1][-]{section.6.10}{\376\377\176\331\121\372\116\000\123\125\224\376\210\150\131\064\143\007\224\210\000p\000H\000e\000a\000d\124\214\116\000\202\202\160\271\143\007\224\210\000p\000T\000o\000B\000e\000D\000e\000l\000e\000t\000e\000d\377\014\000O\000\050\0001\000\051\145\366\225\364\131\015\147\102\136\246\122\040\226\144\202\202\160\271\000p\000T\000o\000B\000e\000D\000e\000l\000e\000t\000e\000d}{chapter.6}% 187
\BOOKMARK [2][-]{subsection.6.10.1}{\376\377\122\006\147\220}{section.6.10}% 188
\BOOKMARK [2][-]{subsection.6.10.2}{\376\377\211\343\173\124}{section.6.10}% 189
\BOOKMARK [0][-]{chapter.7}{\376\377\000M\000a\000t\000h\000-\000\040\0005\0008}{}% 190
\BOOKMARK [1][-]{section.7.1}{}{chapter.7}% 191
\BOOKMARK [2][-]{subsection.7.1.1}{\376\377\122\006\147\220}{section.7.1}% 192
\BOOKMARK [2][-]{subsection.7.1.2}{\376\377\211\343\173\124}{section.7.1}% 193
\BOOKMARK [1][-]{section.7.2}{}{chapter.7}% 194
\BOOKMARK [2][-]{subsection.7.2.1}{\376\377\122\006\147\220}{section.7.2}% 195
\BOOKMARK [2][-]{subsection.7.2.2}{\376\377\211\343\173\124}{section.7.2}% 196
\BOOKMARK [1][-]{section.7.3}{}{chapter.7}% 197
\BOOKMARK [2][-]{subsection.7.3.1}{\376\377\122\006\147\220}{section.7.3}% 198
\BOOKMARK [2][-]{subsection.7.3.2}{\376\377\211\343\173\124}{section.7.3}% 199
\BOOKMARK [1][-]{section.7.4}{}{chapter.7}% 200
\BOOKMARK [2][-]{subsection.7.4.1}{\376\377\122\006\147\220}{section.7.4}% 201
\BOOKMARK [2][-]{subsection.7.4.2}{\376\377\211\343\173\124}{section.7.4}% 202
\BOOKMARK [1][-]{section.7.5}{}{chapter.7}% 203
\BOOKMARK [2][-]{subsection.7.5.1}{\376\377\122\006\147\220}{section.7.5}% 204
\BOOKMARK [2][-]{subsection.7.5.2}{\376\377\211\343\173\124}{section.7.5}% 205
\BOOKMARK [1][-]{section.7.6}{}{chapter.7}% 206
\BOOKMARK [2][-]{subsection.7.6.1}{\376\377\122\006\147\220}{section.7.6}% 207
\BOOKMARK [2][-]{subsection.7.6.2}{\376\377\211\343\173\124}{section.7.6}% 208
\BOOKMARK [1][-]{section.7.7}{}{chapter.7}% 209
\BOOKMARK [2][-]{subsection.7.7.1}{\376\377\122\006\147\220}{section.7.7}% 210
\BOOKMARK [2][-]{subsection.7.7.2}{\376\377\211\343\173\124}{section.7.7}% 211
\BOOKMARK [1][-]{section.7.8}{}{chapter.7}% 212
\BOOKMARK [2][-]{subsection.7.8.1}{\376\377\122\006\147\220}{section.7.8}% 213
\BOOKMARK [2][-]{subsection.7.8.2}{\376\377\211\343\173\124}{section.7.8}% 214
\BOOKMARK [1][-]{section.7.9}{}{chapter.7}% 215
\BOOKMARK [2][-]{subsection.7.9.1}{\376\377\122\006\147\220}{section.7.9}% 216
\BOOKMARK [2][-]{subsection.7.9.2}{\376\377\211\343\173\124}{section.7.9}% 217
\BOOKMARK [1][-]{section.7.10}{}{chapter.7}% 218
\BOOKMARK [2][-]{subsection.7.10.1}{\376\377\122\006\147\220}{section.7.10}% 219
\BOOKMARK [2][-]{subsection.7.10.2}{\376\377\211\343\173\124}{section.7.10}% 220
\BOOKMARK [0][-]{chapter.8}{\376\377\000T\000w\000o\000\040\000P\000o\000i\000n\000t\000e\000r\000s\000-\000\040\0003\0003}{}% 221
\BOOKMARK [1][-]{section.8.1}{}{chapter.8}% 222
\BOOKMARK [2][-]{subsection.8.1.1}{\376\377\122\006\147\220}{section.8.1}% 223
\BOOKMARK [2][-]{subsection.8.1.2}{\376\377\211\343\173\124}{section.8.1}% 224
\BOOKMARK [1][-]{section.8.2}{}{chapter.8}% 225
\BOOKMARK [2][-]{subsection.8.2.1}{\376\377\122\006\147\220}{section.8.2}% 226
\BOOKMARK [2][-]{subsection.8.2.2}{\376\377\211\343\173\124}{section.8.2}% 227
\BOOKMARK [1][-]{section.8.3}{}{chapter.8}% 228
\BOOKMARK [2][-]{subsection.8.3.1}{\376\377\122\006\147\220}{section.8.3}% 229
\BOOKMARK [2][-]{subsection.8.3.2}{\376\377\211\343\173\124}{section.8.3}% 230
\BOOKMARK [1][-]{section.8.4}{}{chapter.8}% 231
\BOOKMARK [2][-]{subsection.8.4.1}{\376\377\122\006\147\220}{section.8.4}% 232
\BOOKMARK [2][-]{subsection.8.4.2}{\376\377\211\343\173\124}{section.8.4}% 233
\BOOKMARK [1][-]{section.8.5}{}{chapter.8}% 234
\BOOKMARK [2][-]{subsection.8.5.1}{\376\377\122\006\147\220}{section.8.5}% 235
\BOOKMARK [2][-]{subsection.8.5.2}{\376\377\211\343\173\124}{section.8.5}% 236
\BOOKMARK [1][-]{section.8.6}{}{chapter.8}% 237
\BOOKMARK [2][-]{subsection.8.6.1}{\376\377\122\006\147\220}{section.8.6}% 238
\BOOKMARK [2][-]{subsection.8.6.2}{\376\377\211\343\173\124}{section.8.6}% 239
\BOOKMARK [1][-]{section.8.7}{}{chapter.8}% 240
\BOOKMARK [2][-]{subsection.8.7.1}{\376\377\122\006\147\220}{section.8.7}% 241
\BOOKMARK [2][-]{subsection.8.7.2}{\376\377\211\343\173\124}{section.8.7}% 242
\BOOKMARK [1][-]{section.8.8}{}{chapter.8}% 243
\BOOKMARK [2][-]{subsection.8.8.1}{\376\377\122\006\147\220}{section.8.8}% 244
\BOOKMARK [2][-]{subsection.8.8.2}{\376\377\211\343\173\124}{section.8.8}% 245
\BOOKMARK [1][-]{section.8.9}{}{chapter.8}% 246
\BOOKMARK [2][-]{subsection.8.9.1}{\376\377\122\006\147\220}{section.8.9}% 247
\BOOKMARK [2][-]{subsection.8.9.2}{\376\377\211\343\173\124}{section.8.9}% 248
\BOOKMARK [1][-]{section.8.10}{}{chapter.8}% 249
\BOOKMARK [2][-]{subsection.8.10.1}{\376\377\122\006\147\220}{section.8.10}% 250
\BOOKMARK [2][-]{subsection.8.10.2}{\376\377\211\343\173\124}{section.8.10}% 251
\BOOKMARK [0][-]{chapter.9}{\376\377\000S\000t\000r\000i\000n\000g\000-\000\040\0005\0005}{}% 252
\BOOKMARK [1][-]{section.9.1}{}{chapter.9}% 253
\BOOKMARK [2][-]{subsection.9.1.1}{\376\377\122\006\147\220}{section.9.1}% 254
\BOOKMARK [2][-]{subsection.9.1.2}{\376\377\211\343\173\124}{section.9.1}% 255
\BOOKMARK [1][-]{section.9.2}{}{chapter.9}% 256
\BOOKMARK [2][-]{subsection.9.2.1}{\376\377\122\006\147\220}{section.9.2}% 257
\BOOKMARK [2][-]{subsection.9.2.2}{\376\377\211\343\173\124}{section.9.2}% 258
\BOOKMARK [1][-]{section.9.3}{}{chapter.9}% 259
\BOOKMARK [2][-]{subsection.9.3.1}{\376\377\122\006\147\220}{section.9.3}% 260
\BOOKMARK [2][-]{subsection.9.3.2}{\376\377\211\343\173\124}{section.9.3}% 261
\BOOKMARK [1][-]{section.9.4}{}{chapter.9}% 262
\BOOKMARK [2][-]{subsection.9.4.1}{\376\377\122\006\147\220}{section.9.4}% 263
\BOOKMARK [2][-]{subsection.9.4.2}{\376\377\211\343\173\124}{section.9.4}% 264
\BOOKMARK [1][-]{section.9.5}{}{chapter.9}% 265
\BOOKMARK [2][-]{subsection.9.5.1}{\376\377\122\006\147\220}{section.9.5}% 266
\BOOKMARK [2][-]{subsection.9.5.2}{\376\377\211\343\173\124}{section.9.5}% 267
\BOOKMARK [1][-]{section.9.6}{}{chapter.9}% 268
\BOOKMARK [2][-]{subsection.9.6.1}{\376\377\122\006\147\220}{section.9.6}% 269
\BOOKMARK [2][-]{subsection.9.6.2}{\376\377\211\343\173\124}{section.9.6}% 270
\BOOKMARK [1][-]{section.9.7}{}{chapter.9}% 271
\BOOKMARK [2][-]{subsection.9.7.1}{\376\377\122\006\147\220}{section.9.7}% 272
\BOOKMARK [2][-]{subsection.9.7.2}{\376\377\211\343\173\124}{section.9.7}% 273
\BOOKMARK [1][-]{section.9.8}{}{chapter.9}% 274
\BOOKMARK [2][-]{subsection.9.8.1}{\376\377\122\006\147\220}{section.9.8}% 275
\BOOKMARK [2][-]{subsection.9.8.2}{\376\377\211\343\173\124}{section.9.8}% 276
\BOOKMARK [1][-]{section.9.9}{}{chapter.9}% 277
\BOOKMARK [2][-]{subsection.9.9.1}{\376\377\122\006\147\220}{section.9.9}% 278
\BOOKMARK [2][-]{subsection.9.9.2}{\376\377\211\343\173\124}{section.9.9}% 279
\BOOKMARK [1][-]{section.9.10}{}{chapter.9}% 280
\BOOKMARK [2][-]{subsection.9.10.1}{\376\377\122\006\147\220}{section.9.10}% 281
\BOOKMARK [2][-]{subsection.9.10.2}{\376\377\211\343\173\124}{section.9.10}% 282
\BOOKMARK [1][-]{section.9.11}{}{chapter.9}% 283
\BOOKMARK [2][-]{subsection.9.11.1}{\376\377\122\006\147\220}{section.9.11}% 284
\BOOKMARK [2][-]{subsection.9.11.2}{\376\377\211\343\173\124}{section.9.11}% 285
\BOOKMARK [1][-]{section.9.12}{}{chapter.9}% 286
\BOOKMARK [2][-]{subsection.9.12.1}{\376\377\122\006\147\220}{section.9.12}% 287
\BOOKMARK [2][-]{subsection.9.12.2}{\376\377\211\343\173\124}{section.9.12}% 288
\BOOKMARK [1][-]{section.9.13}{}{chapter.9}% 289
\BOOKMARK [2][-]{subsection.9.13.1}{\376\377\122\006\147\220}{section.9.13}% 290
\BOOKMARK [2][-]{subsection.9.13.2}{\376\377\211\343\173\124}{section.9.13}% 291
\BOOKMARK [1][-]{section.9.14}{}{chapter.9}% 292
\BOOKMARK [2][-]{subsection.9.14.1}{\376\377\122\006\147\220}{section.9.14}% 293
\BOOKMARK [2][-]{subsection.9.14.2}{\376\377\211\343\173\124}{section.9.14}% 294
\BOOKMARK [1][-]{section.9.15}{}{chapter.9}% 295
\BOOKMARK [2][-]{subsection.9.15.1}{\376\377\122\006\147\220}{section.9.15}% 296
\BOOKMARK [2][-]{subsection.9.15.2}{\376\377\211\343\173\124}{section.9.15}% 297
\BOOKMARK [1][-]{section.9.16}{\376\377\000D\000i\000v\000i\000d\000e\000\040\000a\000n\000d\000\040\000C\000o\000n\000q\000u\000e\000r\000-\000\040\0001\0002}{chapter.9}% 298
\BOOKMARK [1][-]{section.9.17}{}{chapter.9}% 299
\BOOKMARK [2][-]{subsection.9.17.1}{\376\377\122\006\147\220}{section.9.17}% 300
\BOOKMARK [2][-]{subsection.9.17.2}{\376\377\211\343\173\124}{section.9.17}% 301
\BOOKMARK [1][-]{section.9.18}{}{chapter.9}% 302
\BOOKMARK [2][-]{subsection.9.18.1}{\376\377\122\006\147\220}{section.9.18}% 303
\BOOKMARK [2][-]{subsection.9.18.2}{\376\377\211\343\173\124}{section.9.18}% 304
\BOOKMARK [1][-]{section.9.19}{}{chapter.9}% 305
\BOOKMARK [2][-]{subsection.9.19.1}{\376\377\122\006\147\220}{section.9.19}% 306
\BOOKMARK [2][-]{subsection.9.19.2}{\376\377\211\343\173\124}{section.9.19}% 307
\BOOKMARK [1][-]{section.9.20}{}{chapter.9}% 308
\BOOKMARK [2][-]{subsection.9.20.1}{\376\377\122\006\147\220}{section.9.20}% 309
\BOOKMARK [2][-]{subsection.9.20.2}{\376\377\211\343\173\124}{section.9.20}% 310
\BOOKMARK [1][-]{section.9.21}{}{chapter.9}% 311
\BOOKMARK [2][-]{subsection.9.21.1}{\376\377\122\006\147\220}{section.9.21}% 312
\BOOKMARK [2][-]{subsection.9.21.2}{\376\377\211\343\173\124}{section.9.21}% 313
\BOOKMARK [1][-]{section.9.22}{}{chapter.9}% 314
\BOOKMARK [2][-]{subsection.9.22.1}{\376\377\122\006\147\220}{section.9.22}% 315
\BOOKMARK [2][-]{subsection.9.22.2}{\376\377\211\343\173\124}{section.9.22}% 316
\BOOKMARK [1][-]{section.9.23}{}{chapter.9}% 317
\BOOKMARK [2][-]{subsection.9.23.1}{\376\377\122\006\147\220}{section.9.23}% 318
\BOOKMARK [2][-]{subsection.9.23.2}{\376\377\211\343\173\124}{section.9.23}% 319
\BOOKMARK [1][-]{section.9.24}{}{chapter.9}% 320
\BOOKMARK [2][-]{subsection.9.24.1}{\376\377\122\006\147\220}{section.9.24}% 321
\BOOKMARK [2][-]{subsection.9.24.2}{\376\377\211\343\173\124}{section.9.24}% 322
\BOOKMARK [1][-]{section.9.25}{}{chapter.9}% 323
\BOOKMARK [2][-]{subsection.9.25.1}{\376\377\122\006\147\220}{section.9.25}% 324
\BOOKMARK [2][-]{subsection.9.25.2}{\376\377\211\343\173\124}{section.9.25}% 325
\BOOKMARK [1][-]{section.9.26}{}{chapter.9}% 326
\BOOKMARK [2][-]{subsection.9.26.1}{\376\377\122\006\147\220}{section.9.26}% 327
\BOOKMARK [2][-]{subsection.9.26.2}{\376\377\211\343\173\124}{section.9.26}% 328
\BOOKMARK [0][-]{chapter.10}{\376\377\000B\000i\000n\000a\000r\000y\000\040\000S\000e\000a\000r\000c\000h\000-\000\040\0003\0008}{}% 329
\BOOKMARK [1][-]{section.10.1}{}{chapter.10}% 330
\BOOKMARK [2][-]{subsection.10.1.1}{\376\377\122\006\147\220}{section.10.1}% 331
\BOOKMARK [2][-]{subsection.10.1.2}{\376\377\211\343\173\124}{section.10.1}% 332
\BOOKMARK [1][-]{section.10.2}{}{chapter.10}% 333
\BOOKMARK [2][-]{subsection.10.2.1}{\376\377\122\006\147\220}{section.10.2}% 334
\BOOKMARK [2][-]{subsection.10.2.2}{\376\377\211\343\173\124}{section.10.2}% 335
\BOOKMARK [1][-]{section.10.3}{}{chapter.10}% 336
\BOOKMARK [2][-]{subsection.10.3.1}{\376\377\122\006\147\220}{section.10.3}% 337
\BOOKMARK [2][-]{subsection.10.3.2}{\376\377\211\343\173\124}{section.10.3}% 338
\BOOKMARK [1][-]{section.10.4}{}{chapter.10}% 339
\BOOKMARK [2][-]{subsection.10.4.1}{\376\377\122\006\147\220}{section.10.4}% 340
\BOOKMARK [2][-]{subsection.10.4.2}{\376\377\211\343\173\124}{section.10.4}% 341
\BOOKMARK [1][-]{section.10.5}{}{chapter.10}% 342
\BOOKMARK [2][-]{subsection.10.5.1}{\376\377\122\006\147\220}{section.10.5}% 343
\BOOKMARK [2][-]{subsection.10.5.2}{\376\377\211\343\173\124}{section.10.5}% 344
\BOOKMARK [1][-]{section.10.6}{}{chapter.10}% 345
\BOOKMARK [2][-]{subsection.10.6.1}{\376\377\122\006\147\220}{section.10.6}% 346
\BOOKMARK [2][-]{subsection.10.6.2}{\376\377\211\343\173\124}{section.10.6}% 347
\BOOKMARK [1][-]{section.10.7}{}{chapter.10}% 348
\BOOKMARK [2][-]{subsection.10.7.1}{\376\377\122\006\147\220}{section.10.7}% 349
\BOOKMARK [2][-]{subsection.10.7.2}{\376\377\211\343\173\124}{section.10.7}% 350
\BOOKMARK [1][-]{section.10.8}{}{chapter.10}% 351
\BOOKMARK [2][-]{subsection.10.8.1}{\376\377\122\006\147\220}{section.10.8}% 352
\BOOKMARK [2][-]{subsection.10.8.2}{\376\377\211\343\173\124}{section.10.8}% 353
\BOOKMARK [1][-]{section.10.9}{}{chapter.10}% 354
\BOOKMARK [2][-]{subsection.10.9.1}{\376\377\122\006\147\220}{section.10.9}% 355
\BOOKMARK [2][-]{subsection.10.9.2}{\376\377\211\343\173\124}{section.10.9}% 356
\BOOKMARK [1][-]{section.10.10}{}{chapter.10}% 357
\BOOKMARK [2][-]{subsection.10.10.1}{\376\377\122\006\147\220}{section.10.10}% 358
\BOOKMARK [2][-]{subsection.10.10.2}{\376\377\211\343\173\124}{section.10.10}% 359
\BOOKMARK [0][-]{chapter.11}{\376\377\000D\000y\000n\000a\000m\000i\000c\000\040\000P\000r\000o\000g\000r\000a\000m\000m\000i\000n\000g\000-\000\040\0006\0006}{}% 360
\BOOKMARK [1][-]{section.11.1}{}{chapter.11}% 361
\BOOKMARK [2][-]{subsection.11.1.1}{\376\377\122\006\147\220}{section.11.1}% 362
\BOOKMARK [2][-]{subsection.11.1.2}{\376\377\211\343\173\124}{section.11.1}% 363
\BOOKMARK [1][-]{section.11.2}{}{chapter.11}% 364
\BOOKMARK [2][-]{subsection.11.2.1}{\376\377\122\006\147\220}{section.11.2}% 365
\BOOKMARK [2][-]{subsection.11.2.2}{\376\377\211\343\173\124}{section.11.2}% 366
\BOOKMARK [1][-]{section.11.3}{}{chapter.11}% 367
\BOOKMARK [2][-]{subsection.11.3.1}{\376\377\122\006\147\220}{section.11.3}% 368
\BOOKMARK [2][-]{subsection.11.3.2}{\376\377\211\343\173\124}{section.11.3}% 369
\BOOKMARK [1][-]{section.11.4}{}{chapter.11}% 370
\BOOKMARK [2][-]{subsection.11.4.1}{\376\377\122\006\147\220}{section.11.4}% 371
\BOOKMARK [2][-]{subsection.11.4.2}{\376\377\211\343\173\124}{section.11.4}% 372
\BOOKMARK [1][-]{section.11.5}{}{chapter.11}% 373
\BOOKMARK [2][-]{subsection.11.5.1}{\376\377\122\006\147\220}{section.11.5}% 374
\BOOKMARK [2][-]{subsection.11.5.2}{\376\377\211\343\173\124}{section.11.5}% 375
\BOOKMARK [1][-]{section.11.6}{}{chapter.11}% 376
\BOOKMARK [2][-]{subsection.11.6.1}{\376\377\122\006\147\220}{section.11.6}% 377
\BOOKMARK [2][-]{subsection.11.6.2}{\376\377\211\343\173\124}{section.11.6}% 378
\BOOKMARK [1][-]{section.11.7}{}{chapter.11}% 379
\BOOKMARK [2][-]{subsection.11.7.1}{\376\377\122\006\147\220}{section.11.7}% 380
\BOOKMARK [2][-]{subsection.11.7.2}{\376\377\211\343\173\124}{section.11.7}% 381
\BOOKMARK [1][-]{section.11.8}{}{chapter.11}% 382
\BOOKMARK [2][-]{subsection.11.8.1}{\376\377\122\006\147\220}{section.11.8}% 383
\BOOKMARK [2][-]{subsection.11.8.2}{\376\377\211\343\173\124}{section.11.8}% 384
\BOOKMARK [1][-]{section.11.9}{}{chapter.11}% 385
\BOOKMARK [2][-]{subsection.11.9.1}{\376\377\122\006\147\220}{section.11.9}% 386
\BOOKMARK [2][-]{subsection.11.9.2}{\376\377\211\343\173\124}{section.11.9}% 387
\BOOKMARK [1][-]{section.11.10}{}{chapter.11}% 388
\BOOKMARK [2][-]{subsection.11.10.1}{\376\377\122\006\147\220}{section.11.10}% 389
\BOOKMARK [2][-]{subsection.11.10.2}{\376\377\211\343\173\124}{section.11.10}% 390
\BOOKMARK [1][-]{section.11.11}{}{chapter.11}% 391
\BOOKMARK [2][-]{subsection.11.11.1}{\376\377\122\006\147\220}{section.11.11}% 392
\BOOKMARK [2][-]{subsection.11.11.2}{\376\377\211\343\173\124}{section.11.11}% 393
\BOOKMARK [1][-]{section.11.12}{}{chapter.11}% 394
\BOOKMARK [2][-]{subsection.11.12.1}{\376\377\122\006\147\220}{section.11.12}% 395
\BOOKMARK [2][-]{subsection.11.12.2}{\376\377\211\343\173\124}{section.11.12}% 396
\BOOKMARK [1][-]{section.11.13}{}{chapter.11}% 397
\BOOKMARK [2][-]{subsection.11.13.1}{\376\377\122\006\147\220}{section.11.13}% 398
\BOOKMARK [2][-]{subsection.11.13.2}{\376\377\211\343\173\124}{section.11.13}% 399
\BOOKMARK [1][-]{section.11.14}{}{chapter.11}% 400
\BOOKMARK [2][-]{subsection.11.14.1}{\376\377\122\006\147\220}{section.11.14}% 401
\BOOKMARK [2][-]{subsection.11.14.2}{\376\377\211\343\173\124}{section.11.14}% 402
\BOOKMARK [1][-]{section.11.15}{}{chapter.11}% 403
\BOOKMARK [2][-]{subsection.11.15.1}{\376\377\122\006\147\220}{section.11.15}% 404
\BOOKMARK [2][-]{subsection.11.15.2}{\376\377\211\343\173\124}{section.11.15}% 405
\BOOKMARK [1][-]{section.11.16}{}{chapter.11}% 406
\BOOKMARK [2][-]{subsection.11.16.1}{\376\377\122\006\147\220}{section.11.16}% 407
\BOOKMARK [2][-]{subsection.11.16.2}{\376\377\211\343\173\124}{section.11.16}% 408
\BOOKMARK [1][-]{section.11.17}{}{chapter.11}% 409
\BOOKMARK [2][-]{subsection.11.17.1}{\376\377\122\006\147\220}{section.11.17}% 410
\BOOKMARK [2][-]{subsection.11.17.2}{\376\377\211\343\173\124}{section.11.17}% 411
\BOOKMARK [1][-]{section.11.18}{}{chapter.11}% 412
\BOOKMARK [2][-]{subsection.11.18.1}{\376\377\122\006\147\220}{section.11.18}% 413
\BOOKMARK [2][-]{subsection.11.18.2}{\376\377\211\343\173\124}{section.11.18}% 414
\BOOKMARK [0][-]{chapter.12}{\376\377\000B\000a\000c\000k\000t\000r\000a\000c\000k\000i\000n\000g\000-\000\040\0003\0004}{}% 415
\BOOKMARK [1][-]{section.12.1}{}{chapter.12}% 416
\BOOKMARK [2][-]{subsection.12.1.1}{\376\377\122\006\147\220}{section.12.1}% 417
\BOOKMARK [2][-]{subsection.12.1.2}{\376\377\211\343\173\124}{section.12.1}% 418
\BOOKMARK [1][-]{section.12.2}{}{chapter.12}% 419
\BOOKMARK [2][-]{subsection.12.2.1}{\376\377\122\006\147\220}{section.12.2}% 420
\BOOKMARK [2][-]{subsection.12.2.2}{\376\377\211\343\173\124}{section.12.2}% 421
\BOOKMARK [1][-]{section.12.3}{}{chapter.12}% 422
\BOOKMARK [2][-]{subsection.12.3.1}{\376\377\122\006\147\220}{section.12.3}% 423
\BOOKMARK [2][-]{subsection.12.3.2}{\376\377\211\343\173\124}{section.12.3}% 424
\BOOKMARK [1][-]{section.12.4}{}{chapter.12}% 425
\BOOKMARK [2][-]{subsection.12.4.1}{\376\377\122\006\147\220}{section.12.4}% 426
\BOOKMARK [2][-]{subsection.12.4.2}{\376\377\211\343\173\124}{section.12.4}% 427
\BOOKMARK [1][-]{section.12.5}{}{chapter.12}% 428
\BOOKMARK [2][-]{subsection.12.5.1}{\376\377\122\006\147\220}{section.12.5}% 429
\BOOKMARK [2][-]{subsection.12.5.2}{\376\377\211\343\173\124}{section.12.5}% 430
\BOOKMARK [1][-]{section.12.6}{}{chapter.12}% 431
\BOOKMARK [2][-]{subsection.12.6.1}{\376\377\122\006\147\220}{section.12.6}% 432
\BOOKMARK [2][-]{subsection.12.6.2}{\376\377\211\343\173\124}{section.12.6}% 433
\BOOKMARK [1][-]{section.12.7}{}{chapter.12}% 434
\BOOKMARK [2][-]{subsection.12.7.1}{\376\377\122\006\147\220}{section.12.7}% 435
\BOOKMARK [2][-]{subsection.12.7.2}{\376\377\211\343\173\124}{section.12.7}% 436
\BOOKMARK [0][-]{chapter.13}{\376\377\000S\000t\000a\000c\000k\000-\000\040\0002\0005}{}% 437
\BOOKMARK [1][-]{section.13.1}{}{chapter.13}% 438
\BOOKMARK [2][-]{subsection.13.1.1}{\376\377\122\006\147\220}{section.13.1}% 439
\BOOKMARK [2][-]{subsection.13.1.2}{\376\377\211\343\173\124}{section.13.1}% 440
\BOOKMARK [1][-]{section.13.2}{}{chapter.13}% 441
\BOOKMARK [2][-]{subsection.13.2.1}{\376\377\122\006\147\220}{section.13.2}% 442
\BOOKMARK [2][-]{subsection.13.2.2}{\376\377\211\343\173\124}{section.13.2}% 443
\BOOKMARK [1][-]{section.13.3}{}{chapter.13}% 444
\BOOKMARK [2][-]{subsection.13.3.1}{\376\377\122\006\147\220}{section.13.3}% 445
\BOOKMARK [2][-]{subsection.13.3.2}{\376\377\211\343\173\124}{section.13.3}% 446
\BOOKMARK [1][-]{section.13.4}{}{chapter.13}% 447
\BOOKMARK [2][-]{subsection.13.4.1}{\376\377\122\006\147\220}{section.13.4}% 448
\BOOKMARK [2][-]{subsection.13.4.2}{\376\377\211\343\173\124}{section.13.4}% 449
\BOOKMARK [1][-]{section.13.5}{}{chapter.13}% 450
\BOOKMARK [2][-]{subsection.13.5.1}{\376\377\122\006\147\220}{section.13.5}% 451
\BOOKMARK [2][-]{subsection.13.5.2}{\376\377\211\343\173\124}{section.13.5}% 452
\BOOKMARK [0][-]{chapter.14}{\376\377\000H\000e\000a\000p\000-\000\040\0001\0005}{}% 453
\BOOKMARK [1][-]{section.14.1}{}{chapter.14}% 454
\BOOKMARK [2][-]{subsection.14.1.1}{\376\377\122\006\147\220}{section.14.1}% 455
\BOOKMARK [2][-]{subsection.14.1.2}{\376\377\211\343\173\124}{section.14.1}% 456
\BOOKMARK [1][-]{section.14.2}{}{chapter.14}% 457
\BOOKMARK [2][-]{subsection.14.2.1}{\376\377\122\006\147\220}{section.14.2}% 458
\BOOKMARK [2][-]{subsection.14.2.2}{\376\377\211\343\173\124}{section.14.2}% 459
\BOOKMARK [1][-]{section.14.3}{}{chapter.14}% 460
\BOOKMARK [2][-]{subsection.14.3.1}{\376\377\122\006\147\220}{section.14.3}% 461
\BOOKMARK [2][-]{subsection.14.3.2}{\376\377\211\343\173\124}{section.14.3}% 462
\BOOKMARK [1][-]{section.14.4}{}{chapter.14}% 463
\BOOKMARK [2][-]{subsection.14.4.1}{\376\377\122\006\147\220}{section.14.4}% 464
\BOOKMARK [2][-]{subsection.14.4.2}{\376\377\211\343\173\124}{section.14.4}% 465
\BOOKMARK [1][-]{section.14.5}{}{chapter.14}% 466
\BOOKMARK [2][-]{subsection.14.5.1}{\376\377\122\006\147\220}{section.14.5}% 467
\BOOKMARK [2][-]{subsection.14.5.2}{\376\377\211\343\173\124}{section.14.5}% 468
\BOOKMARK [1][-]{section.14.6}{}{chapter.14}% 469
\BOOKMARK [2][-]{subsection.14.6.1}{\376\377\122\006\147\220}{section.14.6}% 470
\BOOKMARK [2][-]{subsection.14.6.2}{\376\377\211\343\173\124}{section.14.6}% 471
\BOOKMARK [1][-]{section.14.7}{}{chapter.14}% 472
\BOOKMARK [2][-]{subsection.14.7.1}{\376\377\122\006\147\220}{section.14.7}% 473
\BOOKMARK [2][-]{subsection.14.7.2}{\376\377\211\343\173\124}{section.14.7}% 474
\BOOKMARK [1][-]{section.14.8}{}{chapter.14}% 475
\BOOKMARK [2][-]{subsection.14.8.1}{\376\377\122\006\147\220}{section.14.8}% 476
\BOOKMARK [2][-]{subsection.14.8.2}{\376\377\211\343\173\124}{section.14.8}% 477
\BOOKMARK [1][-]{section.14.9}{}{chapter.14}% 478
\BOOKMARK [2][-]{subsection.14.9.1}{\376\377\122\006\147\220}{section.14.9}% 479
\BOOKMARK [2][-]{subsection.14.9.2}{\376\377\211\343\173\124}{section.14.9}% 480
\BOOKMARK [1][-]{section.14.10}{}{chapter.14}% 481
\BOOKMARK [2][-]{subsection.14.10.1}{\376\377\122\006\147\220}{section.14.10}% 482
\BOOKMARK [2][-]{subsection.14.10.2}{\376\377\211\343\173\124}{section.14.10}% 483
\BOOKMARK [0][-]{chapter.15}{\376\377\000G\000r\000e\000e\000d\000y\000-\000\040\0001\0009}{}% 484
\BOOKMARK [1][-]{section.15.1}{}{chapter.15}% 485
\BOOKMARK [2][-]{subsection.15.1.1}{\376\377\122\006\147\220}{section.15.1}% 486
\BOOKMARK [2][-]{subsection.15.1.2}{\376\377\211\343\173\124}{section.15.1}% 487
\BOOKMARK [1][-]{section.15.2}{}{chapter.15}% 488
\BOOKMARK [2][-]{subsection.15.2.1}{\376\377\122\006\147\220}{section.15.2}% 489
\BOOKMARK [2][-]{subsection.15.2.2}{\376\377\211\343\173\124}{section.15.2}% 490
\BOOKMARK [1][-]{section.15.3}{}{chapter.15}% 491
\BOOKMARK [2][-]{subsection.15.3.1}{\376\377\122\006\147\220}{section.15.3}% 492
\BOOKMARK [2][-]{subsection.15.3.2}{\376\377\211\343\173\124}{section.15.3}% 493
\BOOKMARK [1][-]{section.15.4}{}{chapter.15}% 494
\BOOKMARK [2][-]{subsection.15.4.1}{\376\377\122\006\147\220}{section.15.4}% 495
\BOOKMARK [2][-]{subsection.15.4.2}{\376\377\211\343\173\124}{section.15.4}% 496
\BOOKMARK [1][-]{section.15.5}{}{chapter.15}% 497
\BOOKMARK [2][-]{subsection.15.5.1}{\376\377\122\006\147\220}{section.15.5}% 498
\BOOKMARK [2][-]{subsection.15.5.2}{\376\377\211\343\173\124}{section.15.5}% 499
\BOOKMARK [1][-]{section.15.6}{}{chapter.15}% 500
\BOOKMARK [2][-]{subsection.15.6.1}{\376\377\122\006\147\220}{section.15.6}% 501
\BOOKMARK [2][-]{subsection.15.6.2}{\376\377\211\343\173\124}{section.15.6}% 502
\BOOKMARK [1][-]{section.15.7}{}{chapter.15}% 503
\BOOKMARK [2][-]{subsection.15.7.1}{\376\377\122\006\147\220}{section.15.7}% 504
\BOOKMARK [2][-]{subsection.15.7.2}{\376\377\211\343\173\124}{section.15.7}% 505
\BOOKMARK [1][-]{section.15.8}{}{chapter.15}% 506
\BOOKMARK [2][-]{subsection.15.8.1}{\376\377\122\006\147\220}{section.15.8}% 507
\BOOKMARK [2][-]{subsection.15.8.2}{\376\377\211\343\173\124}{section.15.8}% 508
\BOOKMARK [1][-]{section.15.9}{}{chapter.15}% 509
\BOOKMARK [2][-]{subsection.15.9.1}{\376\377\122\006\147\220}{section.15.9}% 510
\BOOKMARK [2][-]{subsection.15.9.2}{\376\377\211\343\173\124}{section.15.9}% 511
\BOOKMARK [1][-]{section.15.10}{}{chapter.15}% 512
\BOOKMARK [2][-]{subsection.15.10.1}{\376\377\122\006\147\220}{section.15.10}% 513
\BOOKMARK [2][-]{subsection.15.10.2}{\376\377\211\343\173\124}{section.15.10}% 514
\BOOKMARK [0][-]{chapter.16}{\376\377\000S\000o\000r\000t\000-\000\040\0001\0006}{}% 515
\BOOKMARK [1][-]{section.16.1}{\376\377\121\222\154\341}{chapter.16}% 516
\BOOKMARK [2][-]{subsection.16.1.1}{\376\377\211\343\173\124}{section.16.1}% 517
\BOOKMARK [1][-]{section.16.2}{\376\377\220\011\142\351\143\222\136\217}{chapter.16}% 518
\BOOKMARK [2][-]{subsection.16.2.1}{\376\377\211\343\173\124}{section.16.2}% 519
\BOOKMARK [1][-]{section.16.3}{\376\377\137\353\220\037\143\222\136\217}{chapter.16}% 520
\BOOKMARK [2][-]{subsection.16.3.1}{\376\377\211\343\173\124}{section.16.3}% 521
\BOOKMARK [1][-]{section.16.4}{\376\377\143\322\121\145\143\222\136\217}{chapter.16}% 522
\BOOKMARK [2][-]{subsection.16.4.1}{\376\377\211\343\173\124}{section.16.4}% 523
\BOOKMARK [1][-]{section.16.5}{\376\377\137\122\136\166}{chapter.16}% 524
\BOOKMARK [2][-]{subsection.16.5.1}{\376\377\211\343\173\124}{section.16.5}% 525
\BOOKMARK [1][-]{section.16.6}{\376\377\130\006}{chapter.16}% 526
\BOOKMARK [2][-]{subsection.16.6.1}{\376\377\211\343\173\124}{section.16.6}% 527
\BOOKMARK [1][-]{section.16.7}{}{chapter.16}% 528
\BOOKMARK [2][-]{subsection.16.7.1}{\376\377\122\006\147\220}{section.16.7}% 529
\BOOKMARK [2][-]{subsection.16.7.2}{\376\377\211\343\173\124}{section.16.7}% 530
\BOOKMARK [1][-]{section.16.8}{}{chapter.16}% 531
\BOOKMARK [2][-]{subsection.16.8.1}{\376\377\122\006\147\220}{section.16.8}% 532
\BOOKMARK [2][-]{subsection.16.8.2}{\376\377\211\343\173\124}{section.16.8}% 533
\BOOKMARK [1][-]{section.16.9}{}{chapter.16}% 534
\BOOKMARK [2][-]{subsection.16.9.1}{\376\377\122\006\147\220}{section.16.9}% 535
\BOOKMARK [2][-]{subsection.16.9.2}{\376\377\211\343\173\124}{section.16.9}% 536
\BOOKMARK [1][-]{section.16.10}{}{chapter.16}% 537
\BOOKMARK [2][-]{subsection.16.10.1}{\376\377\122\006\147\220}{section.16.10}% 538
\BOOKMARK [2][-]{subsection.16.10.2}{\376\377\211\343\173\124}{section.16.10}% 539
\BOOKMARK [0][-]{chapter.17}{\376\377\000B\000i\000t\000\040\000M\000a\000n\000i\000p\000u\000l\000a\000t\000i\000o\000n\000-\000\040\0002\0006}{}% 540
\BOOKMARK [1][-]{section.17.1}{}{chapter.17}% 541
\BOOKMARK [2][-]{subsection.17.1.1}{\376\377\122\006\147\220}{section.17.1}% 542
\BOOKMARK [2][-]{subsection.17.1.2}{\376\377\211\343\173\124}{section.17.1}% 543
\BOOKMARK [1][-]{section.17.2}{}{chapter.17}% 544
\BOOKMARK [2][-]{subsection.17.2.1}{\376\377\122\006\147\220}{section.17.2}% 545
\BOOKMARK [2][-]{subsection.17.2.2}{\376\377\211\343\173\124}{section.17.2}% 546
\BOOKMARK [1][-]{section.17.3}{}{chapter.17}% 547
\BOOKMARK [2][-]{subsection.17.3.1}{\376\377\122\006\147\220}{section.17.3}% 548
\BOOKMARK [2][-]{subsection.17.3.2}{\376\377\211\343\173\124}{section.17.3}% 549
\BOOKMARK [1][-]{section.17.4}{}{chapter.17}% 550
\BOOKMARK [2][-]{subsection.17.4.1}{\376\377\122\006\147\220}{section.17.4}% 551
\BOOKMARK [2][-]{subsection.17.4.2}{\376\377\211\343\173\124}{section.17.4}% 552
\BOOKMARK [1][-]{section.17.5}{}{chapter.17}% 553
\BOOKMARK [2][-]{subsection.17.5.1}{\376\377\122\006\147\220}{section.17.5}% 554
\BOOKMARK [2][-]{subsection.17.5.2}{\376\377\211\343\173\124}{section.17.5}% 555
\BOOKMARK [1][-]{section.17.6}{}{chapter.17}% 556
\BOOKMARK [2][-]{subsection.17.6.1}{\376\377\122\006\147\220}{section.17.6}% 557
\BOOKMARK [2][-]{subsection.17.6.2}{\376\377\211\343\173\124}{section.17.6}% 558
\BOOKMARK [1][-]{section.17.7}{}{chapter.17}% 559
\BOOKMARK [2][-]{subsection.17.7.1}{\376\377\122\006\147\220}{section.17.7}% 560
\BOOKMARK [2][-]{subsection.17.7.2}{\376\377\211\343\173\124}{section.17.7}% 561
\BOOKMARK [1][-]{section.17.8}{}{chapter.17}% 562
\BOOKMARK [2][-]{subsection.17.8.1}{\376\377\122\006\147\220}{section.17.8}% 563
\BOOKMARK [2][-]{subsection.17.8.2}{\376\377\211\343\173\124}{section.17.8}% 564
\BOOKMARK [1][-]{section.17.9}{}{chapter.17}% 565
\BOOKMARK [2][-]{subsection.17.9.1}{\376\377\122\006\147\220}{section.17.9}% 566
\BOOKMARK [2][-]{subsection.17.9.2}{\376\377\211\343\173\124}{section.17.9}% 567
\BOOKMARK [1][-]{section.17.10}{}{chapter.17}% 568
\BOOKMARK [2][-]{subsection.17.10.1}{\376\377\122\006\147\220}{section.17.10}% 569
\BOOKMARK [2][-]{subsection.17.10.2}{\376\377\211\343\173\124}{section.17.10}% 570
\BOOKMARK [0][-]{chapter.18}{\376\377\000T\000r\000e\000e\000-\000\040\0004\0008}{}% 571
\BOOKMARK [1][-]{section.18.1}{\376\377\000B\000i\000n\000a\000r\000y\000\040\000T\000r\000e\000e\000\040\000M\000a\000x\000i\000m\000u\000m\000\040\000P\000a\000t\000h\000\040\000S\000u\000m}{chapter.18}% 572
\BOOKMARK [2][-]{subsection.18.1.1}{\376\377\122\006\147\220}{section.18.1}% 573
\BOOKMARK [2][-]{subsection.18.1.2}{\376\377\211\343\173\124}{section.18.1}% 574
\BOOKMARK [1][-]{section.18.2}{\376\377\000V\000a\000l\000i\000d\000a\000t\000e\000\040\000B\000i\000n\000a\000r\000y\000\040\000S\000e\000a\000r\000c\000h\000\040\000T\000r\000e\000e}{chapter.18}% 575
\BOOKMARK [2][-]{subsection.18.2.1}{\376\377\122\006\147\220}{section.18.2}% 576
\BOOKMARK [2][-]{subsection.18.2.2}{\376\377\211\343\173\124}{section.18.2}% 577
\BOOKMARK [1][-]{section.18.3}{\376\377\154\102\116\214\123\311\150\021\116\055\166\204\202\202\160\271\116\052\145\160}{chapter.18}% 578
\BOOKMARK [2][-]{subsection.18.3.1}{\376\377\122\006\147\220}{section.18.3}% 579
\BOOKMARK [2][-]{subsection.18.3.2}{\376\377\211\343\173\124}{section.18.3}% 580
\BOOKMARK [1][-]{section.18.4}{\376\377\154\102\116\214\123\311\150\021\166\204\155\361\136\246}{chapter.18}% 581
\BOOKMARK [2][-]{subsection.18.4.1}{\376\377\122\006\147\220}{section.18.4}% 582
\BOOKMARK [2][-]{subsection.18.4.2}{\376\377\211\343\173\124}{section.18.4}% 583
\BOOKMARK [1][-]{section.18.5}{\376\377\122\115\136\217\220\115\123\206\377\014\116\055\136\217\220\115\123\206\377\014\124\016\136\217\220\115\123\206}{chapter.18}% 584
\BOOKMARK [2][-]{subsection.18.5.1}{\376\377\122\006\147\220}{section.18.5}% 585
\BOOKMARK [2][-]{subsection.18.5.2}{\376\377\211\343\173\124}{section.18.5}% 586
\BOOKMARK [1][-]{section.18.6}{\376\377\122\006\134\102\220\115\123\206\116\214\123\311\150\021\377\010\143\011\134\102\153\041\116\316\116\012\137\200\116\013\377\014\116\316\135\346\137\200\123\363\377\011}{chapter.18}% 587
\BOOKMARK [2][-]{subsection.18.6.1}{\376\377\122\006\147\220}{section.18.6}% 588
\BOOKMARK [2][-]{subsection.18.6.2}{\376\377\211\343\173\124}{section.18.6}% 589
\BOOKMARK [1][-]{section.18.7}{\376\377\134\006\116\214\123\311\147\345\142\176\150\021\123\330\116\072\147\011\136\217\166\204\123\314\124\021\224\376\210\150}{chapter.18}% 590
\BOOKMARK [2][-]{subsection.18.7.1}{\376\377\122\006\147\220}{section.18.7}% 591
\BOOKMARK [2][-]{subsection.18.7.2}{\376\377\211\343\173\124}{section.18.7}% 592
\BOOKMARK [1][-]{section.18.8}{\376\377\154\102\116\214\123\311\150\021\173\054\000K\134\102\166\204\202\202\160\271\116\052\145\160}{chapter.18}% 593
\BOOKMARK [2][-]{subsection.18.8.1}{\376\377\122\006\147\220}{section.18.8}% 594
\BOOKMARK [2][-]{subsection.18.8.2}{\376\377\211\343\173\124}{section.18.8}% 595
\BOOKMARK [1][-]{section.18.9}{\376\377\154\102\116\214\123\311\150\021\116\055\123\366\133\120\202\202\160\271\166\204\116\052\145\160}{chapter.18}% 596
\BOOKMARK [2][-]{subsection.18.9.1}{\376\377\122\006\147\220}{section.18.9}% 597
\BOOKMARK [2][-]{subsection.18.9.2}{\376\377\211\343\173\124}{section.18.9}% 598
\BOOKMARK [1][-]{section.18.10}{\376\377\122\044\145\255\116\044\150\365\116\214\123\311\150\021\146\057\124\046\176\323\147\204\166\370\124\014}{chapter.18}% 599
\BOOKMARK [2][-]{subsection.18.10.1}{\376\377\122\006\147\220}{section.18.10}% 600
\BOOKMARK [2][-]{subsection.18.10.2}{\376\377\211\343\173\124}{section.18.10}% 601
\BOOKMARK [1][-]{section.18.11}{\376\377\122\044\145\255\116\214\123\311\150\021\146\057\116\015\146\057\136\163\210\141\116\214\123\311\150\021}{chapter.18}% 602
\BOOKMARK [2][-]{subsection.18.11.1}{\376\377\122\006\147\220}{section.18.11}% 603
\BOOKMARK [2][-]{subsection.18.11.2}{\376\377\211\343\173\124}{section.18.11}% 604
\BOOKMARK [1][-]{section.18.12}{\376\377\154\102\116\214\123\311\150\021\166\204\225\134\120\317}{chapter.18}% 605
\BOOKMARK [2][-]{subsection.18.12.1}{\376\377\122\006\147\220}{section.18.12}% 606
\BOOKMARK [2][-]{subsection.18.12.2}{\376\377\211\343\173\124}{section.18.12}% 607
\BOOKMARK [1][-]{section.18.13}{\376\377\154\102\116\214\123\311\150\021\116\055\116\044\116\052\202\202\160\271\166\204\147\000\117\116\121\154\121\161\171\126\121\110\202\202\160\271}{chapter.18}% 608
\BOOKMARK [2][-]{subsection.18.13.1}{\376\377\122\006\147\220}{section.18.13}% 609
\BOOKMARK [2][-]{subsection.18.13.2}{\376\377\211\343\173\124}{section.18.13}% 610
\BOOKMARK [1][-]{section.18.14}{\376\377\154\102\116\214\123\311\150\021\116\055\202\202\160\271\166\204\147\000\131\047\215\335\171\273}{chapter.18}% 611
\BOOKMARK [2][-]{subsection.18.14.1}{\376\377\122\006\147\220}{section.18.14}% 612
\BOOKMARK [2][-]{subsection.18.14.2}{\376\377\211\343\173\124}{section.18.14}% 613
\BOOKMARK [1][-]{section.18.15}{\376\377\165\061\122\115\136\217\220\115\123\206\136\217\122\027\124\214\116\055\136\217\220\115\123\206\136\217\122\027\221\315\136\372\116\214\123\311\150\021}{chapter.18}% 614
\BOOKMARK [2][-]{subsection.18.15.1}{\376\377\122\006\147\220}{section.18.15}% 615
\BOOKMARK [2][-]{subsection.18.15.2}{\376\377\211\343\173\124}{section.18.15}% 616
\BOOKMARK [1][-]{section.18.16}{\376\377\122\044\145\255\116\214\123\311\150\021\146\057\116\015\146\057\133\214\121\150\116\214\123\311\150\021}{chapter.18}% 617
\BOOKMARK [2][-]{subsection.18.16.1}{\376\377\122\006\147\220}{section.18.16}% 618
\BOOKMARK [2][-]{subsection.18.16.2}{\376\377\211\343\173\124}{section.18.16}% 619
\BOOKMARK [0][-]{chapter.19}{\376\377\000D\000e\000p\000t\000h\000-\000f\000i\000r\000s\000t\000\040\000S\000e\000a\000r\000c\000h\000-\000\040\0004\0001}{}% 620
\BOOKMARK [1][-]{section.19.1}{\376\377\220\350\122\006\124\214\225\356\230\230}{chapter.19}% 621
\BOOKMARK [2][-]{subsection.19.1.1}{\376\377\122\006\147\220}{section.19.1}% 622
\BOOKMARK [2][-]{subsection.19.1.2}{\376\377\211\343\173\124}{section.19.1}% 623
\BOOKMARK [1][-]{section.19.2}{}{chapter.19}% 624
\BOOKMARK [2][-]{subsection.19.2.1}{\376\377\122\006\147\220}{section.19.2}% 625
\BOOKMARK [2][-]{subsection.19.2.2}{\376\377\211\343\173\124}{section.19.2}% 626
\BOOKMARK [1][-]{section.19.3}{}{chapter.19}% 627
\BOOKMARK [2][-]{subsection.19.3.1}{\376\377\122\006\147\220}{section.19.3}% 628
\BOOKMARK [2][-]{subsection.19.3.2}{\376\377\211\343\173\124}{section.19.3}% 629
\BOOKMARK [1][-]{section.19.4}{}{chapter.19}% 630
\BOOKMARK [2][-]{subsection.19.4.1}{\376\377\122\006\147\220}{section.19.4}% 631
\BOOKMARK [2][-]{subsection.19.4.2}{\376\377\211\343\173\124}{section.19.4}% 632
\BOOKMARK [1][-]{section.19.5}{}{chapter.19}% 633
\BOOKMARK [2][-]{subsection.19.5.1}{\376\377\122\006\147\220}{section.19.5}% 634
\BOOKMARK [2][-]{subsection.19.5.2}{\376\377\211\343\173\124}{section.19.5}% 635
\BOOKMARK [1][-]{section.19.6}{}{chapter.19}% 636
\BOOKMARK [2][-]{subsection.19.6.1}{\376\377\122\006\147\220}{section.19.6}% 637
\BOOKMARK [2][-]{subsection.19.6.2}{\376\377\211\343\173\124}{section.19.6}% 638
\BOOKMARK [1][-]{section.19.7}{}{chapter.19}% 639
\BOOKMARK [2][-]{subsection.19.7.1}{\376\377\122\006\147\220}{section.19.7}% 640
\BOOKMARK [2][-]{subsection.19.7.2}{\376\377\211\343\173\124}{section.19.7}% 641
\BOOKMARK [1][-]{section.19.8}{}{chapter.19}% 642
\BOOKMARK [2][-]{subsection.19.8.1}{\376\377\122\006\147\220}{section.19.8}% 643
\BOOKMARK [2][-]{subsection.19.8.2}{\376\377\211\343\173\124}{section.19.8}% 644
\BOOKMARK [1][-]{section.19.9}{}{chapter.19}% 645
\BOOKMARK [2][-]{subsection.19.9.1}{\376\377\122\006\147\220}{section.19.9}% 646
\BOOKMARK [2][-]{subsection.19.9.2}{\376\377\211\343\173\124}{section.19.9}% 647
\BOOKMARK [1][-]{section.19.10}{}{chapter.19}% 648
\BOOKMARK [2][-]{subsection.19.10.1}{\376\377\122\006\147\220}{section.19.10}% 649
\BOOKMARK [2][-]{subsection.19.10.2}{\376\377\211\343\173\124}{section.19.10}% 650
\BOOKMARK [0][-]{chapter.20}{\376\377\000B\000r\000e\000a\000d\000t\000h\000-\000f\000i\000r\000s\000t\000\040\000S\000e\000a\000r\000c\000h\000-\000\040\0002\0001}{}% 651
\BOOKMARK [1][-]{section.20.1}{}{chapter.20}% 652
\BOOKMARK [2][-]{subsection.20.1.1}{\376\377\122\006\147\220}{section.20.1}% 653
\BOOKMARK [2][-]{subsection.20.1.2}{\376\377\211\343\173\124}{section.20.1}% 654
\BOOKMARK [1][-]{section.20.2}{}{chapter.20}% 655
\BOOKMARK [2][-]{subsection.20.2.1}{\376\377\122\006\147\220}{section.20.2}% 656
\BOOKMARK [2][-]{subsection.20.2.2}{\376\377\211\343\173\124}{section.20.2}% 657
\BOOKMARK [1][-]{section.20.3}{}{chapter.20}% 658
\BOOKMARK [2][-]{subsection.20.3.1}{\376\377\122\006\147\220}{section.20.3}% 659
\BOOKMARK [2][-]{subsection.20.3.2}{\376\377\211\343\173\124}{section.20.3}% 660
\BOOKMARK [1][-]{section.20.4}{}{chapter.20}% 661
\BOOKMARK [2][-]{subsection.20.4.1}{\376\377\122\006\147\220}{section.20.4}% 662
\BOOKMARK [2][-]{subsection.20.4.2}{\376\377\211\343\173\124}{section.20.4}% 663
\BOOKMARK [1][-]{section.20.5}{}{chapter.20}% 664
\BOOKMARK [2][-]{subsection.20.5.1}{\376\377\122\006\147\220}{section.20.5}% 665
\BOOKMARK [2][-]{subsection.20.5.2}{\376\377\211\343\173\124}{section.20.5}% 666
\BOOKMARK [1][-]{section.20.6}{}{chapter.20}% 667
\BOOKMARK [2][-]{subsection.20.6.1}{\376\377\122\006\147\220}{section.20.6}% 668
\BOOKMARK [2][-]{subsection.20.6.2}{\376\377\211\343\173\124}{section.20.6}% 669
\BOOKMARK [1][-]{section.20.7}{}{chapter.20}% 670
\BOOKMARK [2][-]{subsection.20.7.1}{\376\377\122\006\147\220}{section.20.7}% 671
\BOOKMARK [2][-]{subsection.20.7.2}{\376\377\211\343\173\124}{section.20.7}% 672
\BOOKMARK [1][-]{section.20.8}{}{chapter.20}% 673
\BOOKMARK [2][-]{subsection.20.8.1}{\376\377\122\006\147\220}{section.20.8}% 674
\BOOKMARK [2][-]{subsection.20.8.2}{\376\377\211\343\173\124}{section.20.8}% 675
\BOOKMARK [1][-]{section.20.9}{}{chapter.20}% 676
\BOOKMARK [2][-]{subsection.20.9.1}{\376\377\122\006\147\220}{section.20.9}% 677
\BOOKMARK [2][-]{subsection.20.9.2}{\376\377\211\343\173\124}{section.20.9}% 678
\BOOKMARK [1][-]{section.20.10}{}{chapter.20}% 679
\BOOKMARK [2][-]{subsection.20.10.1}{\376\377\122\006\147\220}{section.20.10}% 680
\BOOKMARK [2][-]{subsection.20.10.2}{\376\377\211\343\173\124}{section.20.10}% 681
\BOOKMARK [0][-]{chapter.21}{\376\377\000U\000n\000i\000o\000n\000\040\000F\000i\000n\000d\000-\000\040\0006}{}% 682
\BOOKMARK [1][-]{section.21.1}{}{chapter.21}% 683
\BOOKMARK [2][-]{subsection.21.1.1}{\376\377\122\006\147\220}{section.21.1}% 684
\BOOKMARK [2][-]{subsection.21.1.2}{\376\377\211\343\173\124}{section.21.1}% 685
\BOOKMARK [1][-]{section.21.2}{}{chapter.21}% 686
\BOOKMARK [2][-]{subsection.21.2.1}{\376\377\122\006\147\220}{section.21.2}% 687
\BOOKMARK [2][-]{subsection.21.2.2}{\376\377\211\343\173\124}{section.21.2}% 688
\BOOKMARK [1][-]{section.21.3}{}{chapter.21}% 689
\BOOKMARK [2][-]{subsection.21.3.1}{\376\377\122\006\147\220}{section.21.3}% 690
\BOOKMARK [2][-]{subsection.21.3.2}{\376\377\211\343\173\124}{section.21.3}% 691
\BOOKMARK [1][-]{section.21.4}{}{chapter.21}% 692
\BOOKMARK [2][-]{subsection.21.4.1}{\376\377\122\006\147\220}{section.21.4}% 693
\BOOKMARK [2][-]{subsection.21.4.2}{\376\377\211\343\173\124}{section.21.4}% 694
\BOOKMARK [0][-]{chapter.22}{\376\377\000G\000r\000a\000p\000h\000-\000\040\0001\0000}{}% 695
\BOOKMARK [1][-]{section.22.1}{}{chapter.22}% 696
\BOOKMARK [2][-]{subsection.22.1.1}{\376\377\122\006\147\220}{section.22.1}% 697
\BOOKMARK [2][-]{subsection.22.1.2}{\376\377\211\343\173\124}{section.22.1}% 698
\BOOKMARK [1][-]{section.22.2}{}{chapter.22}% 699
\BOOKMARK [2][-]{subsection.22.2.1}{\376\377\122\006\147\220}{section.22.2}% 700
\BOOKMARK [2][-]{subsection.22.2.2}{\376\377\211\343\173\124}{section.22.2}% 701
\BOOKMARK [1][-]{section.22.3}{}{chapter.22}% 702
\BOOKMARK [2][-]{subsection.22.3.1}{\376\377\122\006\147\220}{section.22.3}% 703
\BOOKMARK [2][-]{subsection.22.3.2}{\376\377\211\343\173\124}{section.22.3}% 704
\BOOKMARK [1][-]{section.22.4}{}{chapter.22}% 705
\BOOKMARK [2][-]{subsection.22.4.1}{\376\377\122\006\147\220}{section.22.4}% 706
\BOOKMARK [2][-]{subsection.22.4.2}{\376\377\211\343\173\124}{section.22.4}% 707
\BOOKMARK [1][-]{section.22.5}{}{chapter.22}% 708
\BOOKMARK [2][-]{subsection.22.5.1}{\376\377\122\006\147\220}{section.22.5}% 709
\BOOKMARK [2][-]{subsection.22.5.2}{\376\377\211\343\173\124}{section.22.5}% 710
\BOOKMARK [1][-]{section.22.6}{}{chapter.22}% 711
\BOOKMARK [2][-]{subsection.22.6.1}{\376\377\122\006\147\220}{section.22.6}% 712
\BOOKMARK [2][-]{subsection.22.6.2}{\376\377\211\343\173\124}{section.22.6}% 713
\BOOKMARK [1][-]{section.22.7}{}{chapter.22}% 714
\BOOKMARK [2][-]{subsection.22.7.1}{\376\377\122\006\147\220}{section.22.7}% 715
\BOOKMARK [2][-]{subsection.22.7.2}{\376\377\211\343\173\124}{section.22.7}% 716
\BOOKMARK [1][-]{section.22.8}{}{chapter.22}% 717
\BOOKMARK [2][-]{subsection.22.8.1}{\376\377\122\006\147\220}{section.22.8}% 718
\BOOKMARK [2][-]{subsection.22.8.2}{\376\377\211\343\173\124}{section.22.8}% 719
\BOOKMARK [1][-]{section.22.9}{}{chapter.22}% 720
\BOOKMARK [2][-]{subsection.22.9.1}{\376\377\122\006\147\220}{section.22.9}% 721
\BOOKMARK [2][-]{subsection.22.9.2}{\376\377\211\343\173\124}{section.22.9}% 722
\BOOKMARK [1][-]{section.22.10}{}{chapter.22}% 723
\BOOKMARK [2][-]{subsection.22.10.1}{\376\377\122\006\147\220}{section.22.10}% 724
\BOOKMARK [2][-]{subsection.22.10.2}{\376\377\211\343\173\124}{section.22.10}% 725
\BOOKMARK [0][-]{chapter.23}{\376\377\000D\000e\000s\000i\000g\000n\000-\000\040\0002\0007}{}% 726
\BOOKMARK [1][-]{section.23.1}{}{chapter.23}% 727
\BOOKMARK [2][-]{subsection.23.1.1}{\376\377\122\006\147\220}{section.23.1}% 728
\BOOKMARK [2][-]{subsection.23.1.2}{\376\377\211\343\173\124}{section.23.1}% 729
\BOOKMARK [1][-]{section.23.2}{}{chapter.23}% 730
\BOOKMARK [2][-]{subsection.23.2.1}{\376\377\122\006\147\220}{section.23.2}% 731
\BOOKMARK [2][-]{subsection.23.2.2}{\376\377\211\343\173\124}{section.23.2}% 732
\BOOKMARK [1][-]{section.23.3}{}{chapter.23}% 733
\BOOKMARK [2][-]{subsection.23.3.1}{\376\377\122\006\147\220}{section.23.3}% 734
\BOOKMARK [2][-]{subsection.23.3.2}{\376\377\211\343\173\124}{section.23.3}% 735
\BOOKMARK [1][-]{section.23.4}{}{chapter.23}% 736
\BOOKMARK [2][-]{subsection.23.4.1}{\376\377\122\006\147\220}{section.23.4}% 737
\BOOKMARK [2][-]{subsection.23.4.2}{\376\377\211\343\173\124}{section.23.4}% 738
\BOOKMARK [1][-]{section.23.5}{}{chapter.23}% 739
\BOOKMARK [2][-]{subsection.23.5.1}{\376\377\122\006\147\220}{section.23.5}% 740
\BOOKMARK [2][-]{subsection.23.5.2}{\376\377\211\343\173\124}{section.23.5}% 741
\BOOKMARK [1][-]{section.23.6}{}{chapter.23}% 742
\BOOKMARK [2][-]{subsection.23.6.1}{\376\377\122\006\147\220}{section.23.6}% 743
\BOOKMARK [2][-]{subsection.23.6.2}{\376\377\211\343\173\124}{section.23.6}% 744
\BOOKMARK [1][-]{section.23.7}{}{chapter.23}% 745
\BOOKMARK [2][-]{subsection.23.7.1}{\376\377\122\006\147\220}{section.23.7}% 746
\BOOKMARK [2][-]{subsection.23.7.2}{\376\377\211\343\173\124}{section.23.7}% 747
\BOOKMARK [1][-]{section.23.8}{}{chapter.23}% 748
\BOOKMARK [2][-]{subsection.23.8.1}{\376\377\122\006\147\220}{section.23.8}% 749
\BOOKMARK [2][-]{subsection.23.8.2}{\376\377\211\343\173\124}{section.23.8}% 750
\BOOKMARK [1][-]{section.23.9}{}{chapter.23}% 751
\BOOKMARK [2][-]{subsection.23.9.1}{\376\377\122\006\147\220}{section.23.9}% 752
\BOOKMARK [2][-]{subsection.23.9.2}{\376\377\211\343\173\124}{section.23.9}% 753
\BOOKMARK [1][-]{section.23.10}{}{chapter.23}% 754
\BOOKMARK [2][-]{subsection.23.10.1}{\376\377\122\006\147\220}{section.23.10}% 755
\BOOKMARK [2][-]{subsection.23.10.2}{\376\377\211\343\173\124}{section.23.10}% 756
\BOOKMARK [0][-]{chapter.24}{\376\377\000T\000o\000p\000o\000l\000o\000g\000i\000c\000a\000l\000\040\000S\000o\000r\000t\000[\142\323\142\121\143\222\136\217\000]\000-\000\040\0005}{}% 757
\BOOKMARK [1][-]{section.24.1}{}{chapter.24}% 758
\BOOKMARK [2][-]{subsection.24.1.1}{\376\377\122\006\147\220}{section.24.1}% 759
\BOOKMARK [2][-]{subsection.24.1.2}{\376\377\211\343\173\124}{section.24.1}% 760
\BOOKMARK [1][-]{section.24.2}{}{chapter.24}% 761
\BOOKMARK [2][-]{subsection.24.2.1}{\376\377\122\006\147\220}{section.24.2}% 762
\BOOKMARK [2][-]{subsection.24.2.2}{\376\377\211\343\173\124}{section.24.2}% 763
\BOOKMARK [1][-]{section.24.3}{}{chapter.24}% 764
\BOOKMARK [2][-]{subsection.24.3.1}{\376\377\122\006\147\220}{section.24.3}% 765
\BOOKMARK [2][-]{subsection.24.3.2}{\376\377\211\343\173\124}{section.24.3}% 766
\BOOKMARK [0][-]{chapter.25}{\376\377\000T\000r\000i\000e\000[\122\115\177\000\000-\133\127\121\170\150\021\000]\000-\000\040\0007}{}% 767
\BOOKMARK [1][-]{section.25.1}{}{chapter.25}% 768
\BOOKMARK [2][-]{subsection.25.1.1}{\376\377\122\006\147\220}{section.25.1}% 769
\BOOKMARK [2][-]{subsection.25.1.2}{\376\377\211\343\173\124}{section.25.1}% 770
\BOOKMARK [1][-]{section.25.2}{}{chapter.25}% 771
\BOOKMARK [2][-]{subsection.25.2.1}{\376\377\122\006\147\220}{section.25.2}% 772
\BOOKMARK [2][-]{subsection.25.2.2}{\376\377\211\343\173\124}{section.25.2}% 773
\BOOKMARK [1][-]{section.25.3}{}{chapter.25}% 774
\BOOKMARK [2][-]{subsection.25.3.1}{\376\377\122\006\147\220}{section.25.3}% 775
\BOOKMARK [2][-]{subsection.25.3.2}{\376\377\211\343\173\124}{section.25.3}% 776
\BOOKMARK [0][-]{chapter.26}{\376\377\000B\000i\000a\000n\000r\000y\000\040\000I\000n\000d\000e\000x\000e\000d\000\040\000T\000r\000e\000e\000-\000\040\0004}{}% 777
\BOOKMARK [1][-]{section.26.1}{}{chapter.26}% 778
\BOOKMARK [2][-]{subsection.26.1.1}{\376\377\122\006\147\220}{section.26.1}% 779
\BOOKMARK [2][-]{subsection.26.1.2}{\376\377\211\343\173\124}{section.26.1}% 780
\BOOKMARK [1][-]{section.26.2}{}{chapter.26}% 781
\BOOKMARK [2][-]{subsection.26.2.1}{\376\377\122\006\147\220}{section.26.2}% 782
\BOOKMARK [2][-]{subsection.26.2.2}{\376\377\211\343\173\124}{section.26.2}% 783
\BOOKMARK [1][-]{section.26.3}{}{chapter.26}% 784
\BOOKMARK [2][-]{subsection.26.3.1}{\376\377\122\006\147\220}{section.26.3}% 785
\BOOKMARK [2][-]{subsection.26.3.2}{\376\377\211\343\173\124}{section.26.3}% 786
\BOOKMARK [0][-]{chapter.27}{\376\377\000S\000e\000g\000m\000e\000n\000t\000\040\000T\000r\000e\000e\000-\000\040\0004}{}% 787
\BOOKMARK [1][-]{section.27.1}{}{chapter.27}% 788
\BOOKMARK [2][-]{subsection.27.1.1}{\376\377\122\006\147\220}{section.27.1}% 789
\BOOKMARK [2][-]{subsection.27.1.2}{\376\377\211\343\173\124}{section.27.1}% 790
\BOOKMARK [1][-]{section.27.2}{}{chapter.27}% 791
\BOOKMARK [2][-]{subsection.27.2.1}{\376\377\122\006\147\220}{section.27.2}% 792
\BOOKMARK [2][-]{subsection.27.2.2}{\376\377\211\343\173\124}{section.27.2}% 793
\BOOKMARK [1][-]{section.27.3}{}{chapter.27}% 794
\BOOKMARK [2][-]{subsection.27.3.1}{\376\377\122\006\147\220}{section.27.3}% 795
\BOOKMARK [2][-]{subsection.27.3.2}{\376\377\211\343\173\124}{section.27.3}% 796
\BOOKMARK [0][-]{chapter.28}{\376\377\000B\000i\000n\000a\000r\000y\000\040\000S\000e\000a\000r\000c\000h\000\040\000T\000r\000e\000e\000-\000\040\0004}{}% 797
\BOOKMARK [1][-]{section.28.1}{}{chapter.28}% 798
\BOOKMARK [2][-]{subsection.28.1.1}{\376\377\122\006\147\220}{section.28.1}% 799
\BOOKMARK [2][-]{subsection.28.1.2}{\376\377\211\343\173\124}{section.28.1}% 800
\BOOKMARK [1][-]{section.28.2}{}{chapter.28}% 801
\BOOKMARK [2][-]{subsection.28.2.1}{\376\377\122\006\147\220}{section.28.2}% 802
\BOOKMARK [2][-]{subsection.28.2.2}{\376\377\211\343\173\124}{section.28.2}% 803
\BOOKMARK [1][-]{section.28.3}{}{chapter.28}% 804
\BOOKMARK [2][-]{subsection.28.3.1}{\376\377\122\006\147\220}{section.28.3}% 805
\BOOKMARK [2][-]{subsection.28.3.2}{\376\377\211\343\173\124}{section.28.3}% 806
\BOOKMARK [0][-]{chapter.29}{\376\377\000O\000t\000h\000e\000r\000\040\000A\000s\000p\000e\000c\000t\000s}{}% 807
\BOOKMARK [1][-]{section.29.1}{\376\377\000R\000e\000c\000u\000r\000s\000i\000o\000n\000[\220\022\137\122\000]\000-\000\040\0002}{chapter.29}% 808
\BOOKMARK [2][-]{subsection.29.1.1}{}{section.29.1}% 809
\BOOKMARK [2][-]{subsection.29.1.2}{\376\377\122\006\147\220}{section.29.1}% 810
\BOOKMARK [2][-]{subsection.29.1.3}{\376\377\211\343\173\124}{section.29.1}% 811
\BOOKMARK [1][-]{section.29.2}{\376\377\000B\000r\000a\000i\000n\000t\000e\000a\000s\000e\000r\000[\214\034\230\230\000]\000-\000\040\0002}{chapter.29}% 812
\BOOKMARK [2][-]{subsection.29.2.1}{}{section.29.2}% 813
\BOOKMARK [2][-]{subsection.29.2.2}{\376\377\122\006\147\220}{section.29.2}% 814
\BOOKMARK [2][-]{subsection.29.2.3}{\376\377\211\343\173\124}{section.29.2}% 815
\BOOKMARK [1][-]{section.29.3}{\376\377\000M\000e\000m\000o\000i\000z\000a\000t\000i\000o\000n\000[\116\345\220\177\121\115\220\022\137\122\221\315\131\015\213\241\173\227\377\014\131\202\000F\000i\000b\000o\000n\000a\000c\000c\000i\000\050\145\220\154\342\220\243\131\121\000\051\225\356\230\230\000]\000-\000\040\0001}{chapter.29}% 816
\BOOKMARK [2][-]{subsection.29.3.1}{}{section.29.3}% 817
\BOOKMARK [2][-]{subsection.29.3.2}{\376\377\122\006\147\220}{section.29.3}% 818
\BOOKMARK [2][-]{subsection.29.3.3}{\376\377\211\343\173\124}{section.29.3}% 819
\BOOKMARK [1][-]{section.29.4}{\376\377\000Q\000u\000e\000u\000e\000-\000\040\0003}{chapter.29}% 820
\BOOKMARK [2][-]{subsection.29.4.1}{}{section.29.4}% 821
\BOOKMARK [2][-]{subsection.29.4.2}{}{section.29.4}% 822
\BOOKMARK [1][-]{section.29.5}{\376\377\000R\000e\000s\000e\000r\000v\000o\000i\000r\000\040\000S\000a\000m\000p\000l\000i\000n\000g\000[\226\217\147\072\142\275\150\067\000]\000-\000\040\0002}{chapter.29}% 823
\BOOKMARK [2][-]{subsection.29.5.1}{}{section.29.5}% 824
\BOOKMARK [1][-]{section.29.6}{\376\377\000M\000i\000n\000i\000m\000a\000x\000[\147\201\134\017\123\026\147\201\131\047\173\227\154\325\000]\000-\000\040\0003}{chapter.29}% 825
\BOOKMARK [2][-]{subsection.29.6.1}{}{section.29.6}% 826
\BOOKMARK [2][-]{subsection.29.6.2}{}{section.29.6}% 827
\BOOKMARK [1][-]{section.29.7}{\376\377\000O\000t\000h\000e\000r\000\040\000I\000n\000t\000e\000r\000v\000i\000e\000w}{chapter.29}% 828
\BOOKMARK [2][-]{subsection.29.7.1}{\376\377\217\367\133\253\133\127\173\046\116\062}{section.29.7}% 829
