\BOOKMARK [0][-]{chapter.1}{\376\377\217\333\172\013\116\016\176\277\172\013\173\307}{}% 1
\BOOKMARK [1][-]{section.1.1}{\376\377\217\333\172\013\060\001\176\277\172\013\000-\153\324\133\371}{chapter.1}% 2
\BOOKMARK [0][-]{chapter.2}{\376\377\000T\000C\000P\000/\000I\000P\000\040\127\372\170\100\173\307}{}% 3
\BOOKMARK [1][-]{section.2.1}{\376\377\134\102\153\041\176\323\147\204\116\016\121\163\174\373}{chapter.2}% 4
\BOOKMARK [2][-]{subsection.2.1.1}{\376\377\000O\000S\000I\000-\000I\000S\000O\000\040\0007\134\102\152\041\127\213}{section.2.1}% 5
\BOOKMARK [2][-]{subsection.2.1.2}{\376\377\000T\000C\000P\000\040\0004\134\102\152\041\127\213\000\040\116\016\000\040\000O\000S\000I\000\040\0007\134\102\152\041\127\213\000\040\166\204\121\163\174\373}{section.2.1}% 6
\BOOKMARK [2][-]{subsection.2.1.3}{\376\377\172\357\123\343}{section.2.1}% 7
\BOOKMARK [1][-]{section.2.2}{\376\377\145\160\143\156\224\376\215\357\134\102\166\370\121\163\167\345\213\306}{chapter.2}% 8
\BOOKMARK [2][-]{subsection.2.2.1}{\376\377\147\000\131\047\117\040\217\223\123\125\121\103\000\050\000M\000T\000U\000\051\000/\215\357\137\204\000\050\000M\000T\000U\000\051}{section.2.2}% 9
\BOOKMARK [2][-]{subsection.2.2.2}{\376\377\116\345\131\052\177\121\136\047\150\074\137\017}{section.2.2}% 10
\BOOKMARK [2][-]{subsection.2.2.3}{\376\377\000A\000R\000P\000-\127\060\127\100\211\343\147\220\123\117\213\256\377\032\134\006\000I\000P\127\060\127\100\211\343\147\220\122\060\000M\000A\000C\127\060\127\100}{section.2.2}% 11
\BOOKMARK [2][-]{subsection.2.2.4}{\376\377\000R\000A\000R\000P\000-\123\315\127\060\127\100\211\343\147\220\123\117\213\256\377\032\134\006\000M\000A\000C\127\060\127\100\211\343\147\220\122\060\000I\000P\127\060\127\100}{section.2.2}% 12
\BOOKMARK [1][-]{section.2.3}{\376\377\177\121\176\334\000\050\000I\000P\000\051\134\102\166\370\121\163\167\345\213\306}{chapter.2}% 13
\BOOKMARK [2][-]{subsection.2.3.1}{\376\377\000I\000C\000M\000P}{section.2.3}% 14
\BOOKMARK [2][-]{subsection.2.3.2}{\376\377\000I\000P\000\040\145\160\143\156\142\245\150\074\137\017}{section.2.3}% 15
\BOOKMARK [2][-]{subsection.2.3.3}{\376\377\177\121\226\105\150\041\232\214\124\214}{section.2.3}% 16
\BOOKMARK [2][-]{subsection.2.3.4}{\376\377\215\357\165\061}{section.2.3}% 17
\BOOKMARK [1][-]{section.2.4}{\376\377\117\040\217\223\134\102\000\040\166\370\121\163\167\345\213\306\377\032\000T\000C\000P\000/\000U\000D\000P\000\040}{chapter.2}% 18
\BOOKMARK [2][-]{subsection.2.4.1}{\376\377\000T\000C\000P}{section.2.4}% 19
\BOOKMARK [2][-]{subsection.2.4.2}{\376\377\000U\000D\000P}{section.2.4}% 20
\BOOKMARK [0][-]{chapter.3}{\376\377\000s\000o\000c\000k\000e\000t\177\026\172\013\173\307}{}% 21
\BOOKMARK [1][-]{section.3.1}{\376\377\127\372\147\054\151\202\137\365}{chapter.3}% 22
\BOOKMARK [2][-]{subsection.3.1.1}{\376\377\000s\000o\000c\000k\000e\000t}{section.3.1}% 23
\BOOKMARK [2][-]{subsection.3.1.2}{\376\377\177\121\176\334\133\127\202\202\136\217}{section.3.1}% 24
\BOOKMARK [2][-]{subsection.3.1.3}{\376\377\131\127\143\245\133\127\174\173\127\213}{section.3.1}% 25
\BOOKMARK [2][-]{subsection.3.1.4}{\376\377\155\101\137\017\131\127\143\245\133\127\166\204\174\230\123\005\225\356\230\230}{section.3.1}% 26
\BOOKMARK [2][-]{subsection.3.1.5}{\376\377\203\267\123\326\147\054\147\072\177\121\176\334\127\060\127\100}{section.3.1}% 27
\BOOKMARK [1][-]{section.3.2}{\376\377\127\372\147\054\166\204\000C\000/\000S\000\040\220\032\117\341\152\041\127\213}{chapter.3}% 28
\BOOKMARK [2][-]{subsection.3.2.1}{\376\377\220\032\117\341\152\041\127\213}{section.3.2}% 29
\BOOKMARK [2][-]{subsection.3.2.2}{\376\377\133\242\142\067\172\357\117\177\165\050\166\204\121\375\145\160\123\312\117\134\165\050}{section.3.2}% 30
\BOOKMARK [2][-]{subsection.3.2.3}{\376\377\147\015\122\241\126\150\117\177\165\050\166\204\121\375\145\160\123\312\117\134\165\050}{section.3.2}% 31
\BOOKMARK [2][-]{subsection.3.2.4}{\376\377\000R\000E\000U\000S\000E\000A\000D\000D\000R}{section.3.2}% 32
\BOOKMARK [2][-]{subsection.3.2.5}{\376\377\000c\000l\000o\000s\000e\116\016\000s\000h\000u\000t\000d\000o\000w\000n\000\040\166\204\123\072\122\053}{section.3.2}% 33
\BOOKMARK [2][-]{subsection.3.2.6}{\376\377\000F\000I\000N\000\040\116\016\000\040\000R\000S\000T}{section.3.2}% 34
\BOOKMARK [2][-]{subsection.3.2.7}{\376\377\000S\000I\000G\000P\000I\000P\000E}{section.3.2}% 35
\BOOKMARK [2][-]{subsection.3.2.8}{\376\377\000T\000C\000P\000\040\000N\000o\000\040\000D\000e\000l\000a\000y}{section.3.2}% 36
\BOOKMARK [2][-]{subsection.3.2.9}{\376\377\131\032\217\333\172\013\147\015\122\241\126\150\000-\121\101\213\270\131\032\000c\000l\000i\000e\000n\000t\213\277\225\356}{section.3.2}% 37
\BOOKMARK [1][-]{section.3.3}{\376\377\000P\000e\000e\000r\000\040\000T\000o\000\040\000P\000e\000e\000r\000\040\160\271\133\371\160\271\220\032\117\341\377\032\000P\0002\000P}{chapter.3}% 38
\BOOKMARK [2][-]{subsection.3.3.1}{\376\377\117\341\123\367\147\072\122\066}{section.3.3}% 39
\BOOKMARK [2][-]{subsection.3.3.2}{\376\377\147\015\122\241\126\150\172\357}{section.3.3}% 40
\BOOKMARK [2][-]{subsection.3.3.3}{\376\377\133\242\142\067\172\357}{section.3.3}% 41
\BOOKMARK [1][-]{section.3.4}{\376\377\120\365\134\070\217\333\172\013}{chapter.3}% 42
\BOOKMARK [2][-]{subsection.3.4.1}{\376\377\123\302\200\003}{section.3.4}% 43
\BOOKMARK [2][-]{subsection.3.4.2}{\376\377\000w\000a\000i\000t\000\040\116\016\000\040\000w\000a\000i\000t\000p\000i\000d}{section.3.4}% 44
\BOOKMARK [1][-]{section.3.5}{\376\377\133\210\142\244\217\333\172\013}{chapter.3}% 45
\BOOKMARK [2][-]{subsection.3.5.1}{\376\377\133\210\142\244\217\333\172\013\166\204\217\223\121\372}{section.3.5}% 46
\BOOKMARK [2][-]{subsection.3.5.2}{\376\377\133\210\142\244\217\333\172\013\166\204\124\057\122\250\145\271\154\325\147\011}{section.3.5}% 47
\BOOKMARK [1][-]{section.3.6}{\376\377\000T\000C\000P}{chapter.3}% 48
\BOOKMARK [2][-]{subsection.3.6.1}{\376\377\0001\0001\171\315\162\266\140\001}{section.3.6}% 49
\BOOKMARK [2][-]{subsection.3.6.2}{\376\377\0003\153\041\143\341\142\113\000:\136\372\172\313\224\376\143\245}{section.3.6}% 50
\BOOKMARK [2][-]{subsection.3.6.3}{\376\377\0004\153\041\143\341\142\113\000:\176\310\153\142\224\376\143\245}{section.3.6}% 51
\BOOKMARK [1][-]{section.3.7}{\376\377\131\127\143\245\133\127\220\011\230\171}{chapter.3}% 52
\BOOKMARK [2][-]{subsection.3.7.1}{\376\377\166\370\121\163\121\375\145\160}{section.3.7}% 53
\BOOKMARK [2][-]{subsection.3.7.2}{\376\377\117\116\154\064\117\115\150\007\213\260}{section.3.7}% 54
\BOOKMARK [2][-]{subsection.3.7.3}{\376\377\232\330\154\064\117\115\150\007\213\260}{section.3.7}% 55
\BOOKMARK [2][-]{subsection.3.7.4}{\376\377\000S\000O\000\137\000K\000E\000E\000P\000A\000L\000I\000V\000E}{section.3.7}% 56
\BOOKMARK [2][-]{subsection.3.7.5}{\376\377\000S\000O\000\137\000L\000I\000N\000G\000E\000R}{section.3.7}% 57
\BOOKMARK [2][-]{subsection.3.7.6}{\376\377\000S\000O\000\137\000R\000C\000V\000B\000U\000F}{section.3.7}% 58
\BOOKMARK [2][-]{subsection.3.7.7}{\376\377\000S\000O\000\137\000S\000N\000D\000B\000U\000F}{section.3.7}% 59
\BOOKMARK [2][-]{subsection.3.7.8}{\376\377\000S\000O\000\137\000R\000C\000V\000L\000O\000W\000A\000T}{section.3.7}% 60
\BOOKMARK [2][-]{subsection.3.7.9}{\376\377\000S\000O\000\137\000S\000N\000D\000L\000O\000W\000A\000T}{section.3.7}% 61
\BOOKMARK [2][-]{subsection.3.7.10}{\376\377\000S\000O\000\137\000R\000C\000V\000T\000I\000M\000E\000O}{section.3.7}% 62
\BOOKMARK [2][-]{subsection.3.7.11}{\376\377\000S\000O\000\137\000S\000N\000D\000T\000I\000M\000E\000O}{section.3.7}% 63
\BOOKMARK [2][-]{subsection.3.7.12}{\376\377\000S\000O\000\137\000R\000E\000U\000S\000E\000R\000A\000D\000D\000R}{section.3.7}% 64
\BOOKMARK [2][-]{subsection.3.7.13}{\376\377\000S\000O\000\137\000B\000R\000O\000A\000D\000C\000A\000S\000T}{section.3.7}% 65
\BOOKMARK [2][-]{subsection.3.7.14}{\376\377\000S\000O\000\137\000D\000E\000B\000U\000G}{section.3.7}% 66
\BOOKMARK [2][-]{subsection.3.7.15}{\376\377\000S\000O\000\137\000O\000O\000B\000I\000N\000L\000I\000N\000E}{section.3.7}% 67
\BOOKMARK [2][-]{subsection.3.7.16}{\376\377\000T\000C\000P\000\137\000M\000A\000X\000S\000E\000G}{section.3.7}% 68
\BOOKMARK [2][-]{subsection.3.7.17}{\376\377\000T\000C\000P\000\137\000N\000O\000D\000E\000L\000A\000Y}{section.3.7}% 69
\BOOKMARK [1][-]{section.3.8}{\376\377\136\046\131\026\145\160\143\156\000-\000U\000r\000g\000e\000n\000t\150\007\137\327}{chapter.3}% 70
\BOOKMARK [1][-]{section.3.9}{\376\377\137\303\144\017\121\375\145\160\000-\137\045\210\145\000k\000e\000e\000p\000A\000l\000i\000v\000e\0002\134\017\145\366\173\111\137\205\145\366\225\364}{chapter.3}% 71
\BOOKMARK [1][-]{section.3.10}{\376\377\232\330\176\247\000I\000O\121\375\145\160}{chapter.3}% 72
\BOOKMARK [2][-]{subsection.3.10.1}{\376\377\122\033\136\372\145\207\116\366\143\317\217\360\173\046\174\373\122\027}{section.3.10}% 73
\BOOKMARK [2][-]{subsection.3.10.2}{\376\377\213\373\121\231\145\160\143\156\174\373\122\027}{section.3.10}% 74
\BOOKMARK [2][-]{subsection.3.10.3}{\376\377\143\247\122\066\000I\000O\210\114\116\072\124\214\134\136\140\047\174\373\122\027}{section.3.10}% 75
\BOOKMARK [1][-]{section.3.11}{\376\377\000I\000P\000C}{chapter.3}% 76
\BOOKMARK [2][-]{subsection.3.11.1}{\376\377\000I\000P\000C\000\040\173\200\116\313}{section.3.11}% 77
\BOOKMARK [2][-]{subsection.3.11.2}{\376\377\117\341\123\367}{section.3.11}% 78
\BOOKMARK [2][-]{subsection.3.11.3}{\376\377\155\210\140\157\117\040\220\022}{section.3.11}% 79
\BOOKMARK [2][-]{subsection.3.11.4}{\376\377\117\341\123\367\221\317}{section.3.11}% 80
\BOOKMARK [2][-]{subsection.3.11.5}{\376\377\121\161\116\253\121\205\133\130}{section.3.11}% 81
\BOOKMARK [1][-]{section.3.12}{\376\377\226\073\130\136\116\016\227\136\226\073\130\136\060\001\124\014\153\145\116\016\137\002\153\145}{chapter.3}% 82
\BOOKMARK [2][-]{subsection.3.12.1}{\376\377\124\014\153\145\000/\137\002\153\145\116\073\211\201\224\210\133\371\000C\172\357}{section.3.12}% 83
\BOOKMARK [2][-]{subsection.3.12.2}{\376\377\226\073\130\136\000/\227\136\226\073\130\136\116\073\211\201\224\210\133\371\000S\172\357}{section.3.12}% 84
\BOOKMARK [2][-]{subsection.3.12.3}{\376\377\000L\000i\000n\000u\000x\000\040\116\013\166\204\0005\171\315\000I\000/\000O\000\040\152\041\127\213}{section.3.12}% 85
\BOOKMARK [2][-]{subsection.3.12.4}{\376\377\123\302\200\003}{section.3.12}% 86
\BOOKMARK [1][-]{section.3.13}{\376\377\000S\000e\000l\000e\000c\000t\000\040\152\041\127\213\377\032\173\241\164\006\131\032\116\052\000I\000O}{chapter.3}% 87
\BOOKMARK [2][-]{subsection.3.13.1}{\376\377\166\370\121\163\121\375\145\160}{section.3.13}% 88
\BOOKMARK [2][-]{subsection.3.13.2}{\376\377\117\177\165\050\000s\000e\000l\000e\000c\000t\133\236\163\260\126\336\134\004\147\015\122\241\172\013\136\217}{section.3.13}% 89
\BOOKMARK [1][-]{section.3.14}{\376\377\000P\000o\000l\000l\000\040\152\041\127\213\377\032\116\015\121\215\226\120\122\066\147\000\131\047\143\317\217\360\173\046\120\074}{chapter.3}% 90
\BOOKMARK [2][-]{subsection.3.14.1}{\376\377\166\370\121\163\121\375\145\160}{section.3.14}% 91
\BOOKMARK [2][-]{subsection.3.14.2}{\376\377\133\236\117\213}{section.3.14}% 92
\BOOKMARK [1][-]{section.3.15}{\376\377\000E\000p\000o\000l\000l\000\040\152\041\127\213\377\032\133\236\163\260\146\364\232\330\145\110\163\207}{chapter.3}% 93
\BOOKMARK [2][-]{subsection.3.15.1}{\376\377\166\370\121\163\121\375\145\160}{section.3.15}% 94
\BOOKMARK [2][-]{subsection.3.15.2}{\376\377\117\177\165\050\000e\000p\000o\000l\000l\000\040\133\236\163\260\126\336\134\004\147\015\122\241\126\150}{section.3.15}% 95
\BOOKMARK [2][-]{subsection.3.15.3}{\376\377\000E\000p\000o\000l\000l\000\040\211\346\123\321\145\271\137\017}{section.3.15}% 96
\BOOKMARK [1][-]{section.3.16}{\376\377\000s\000e\000l\000e\000c\000t\060\001\000p\000o\000l\000l\060\001\000e\000p\000o\000l\000l\153\324\217\203}{chapter.3}% 97
\BOOKMARK [2][-]{subsection.3.16.1}{\376\377\000s\000e\000l\000e\000c\000t}{section.3.16}% 98
\BOOKMARK [2][-]{subsection.3.16.2}{\376\377\000p\000o\000l\000l}{section.3.16}% 99
\BOOKMARK [2][-]{subsection.3.16.3}{\376\377\000e\000p\000o\000l\000l}{section.3.16}% 100
\BOOKMARK [2][-]{subsection.3.16.4}{\376\377\123\072\122\053\133\371\153\324}{section.3.16}% 101
\BOOKMARK [1][-]{section.3.17}{\376\377\000U\000D\000P}{chapter.3}% 102
\BOOKMARK [1][-]{section.3.18}{\376\377\000U\000n\000i\000x\000\040\127\337\131\127\143\245\133\127\177\026\172\013\377\032\147\054\127\060\217\333\172\013\225\364\220\032\117\341}{chapter.3}% 103
\BOOKMARK [1][-]{section.3.19}{\376\377\000H\000T\000T\000P}{chapter.3}% 104
\BOOKMARK [2][-]{subsection.3.19.1}{\376\377\151\202\211\201}{section.3.19}% 105
\BOOKMARK [2][-]{subsection.3.19.2}{\376\377\142\200\147\057\147\266\147\204}{section.3.19}% 106
\BOOKMARK [1][-]{section.3.20}{\376\377\143\320\232\330\140\047\200\375\166\204\143\252\145\275}{chapter.3}% 107
\BOOKMARK [2][-]{subsection.3.20.1}{\376\377\154\140}{section.3.20}% 108
\BOOKMARK [2][-]{subsection.3.20.2}{\376\377\145\160\143\156\142\367\215\035}{section.3.20}% 109
\BOOKMARK [2][-]{subsection.3.20.3}{\376\377\225\001\116\016\116\012\116\013\145\207\122\007\143\142}{section.3.20}% 110
\BOOKMARK [0][-]{chapter.4}{\376\377\215\037\217\175\127\107\210\141}{}% 111
\BOOKMARK [1][-]{section.4.1}{\376\377\215\037\217\175\127\107\210\141}{chapter.4}% 112
\BOOKMARK [2][-]{subsection.4.1.1}{\376\377\151\202\217\360}{section.4.1}% 113
\BOOKMARK [2][-]{subsection.4.1.2}{\376\377\213\276\213\241\140\035\215\357}{section.4.1}% 114
\BOOKMARK [1][-]{section.4.2}{\376\377\177\244\226\306\142\200\147\057}{chapter.4}% 115
\BOOKMARK [2][-]{subsection.4.2.1}{\376\377\226\306\177\244\174\373\176\337}{section.4.2}% 116
\BOOKMARK [2][-]{subsection.4.2.2}{\376\377\147\015\122\241\126\150\226\306\177\244}{section.4.2}% 117
\BOOKMARK [2][-]{subsection.4.2.3}{\376\377\000R\000P\000C}{section.4.2}% 118
\BOOKMARK [2][-]{subsection.4.2.4}{\376\377\122\006\136\003\137\017\174\373\176\337}{section.4.2}% 119
\BOOKMARK [0][-]{chapter.5}{\376\377\136\070\211\301\147\015\122\241\126\150\152\041\127\213}{}% 120
\BOOKMARK [1][-]{section.5.1}{\376\377\000R\000e\000A\000c\000t\000o\000r\000\040\152\041\137\017}{chapter.5}% 121
\BOOKMARK [2][-]{subsection.5.1.1}{\376\377\117\213\133\120\133\146\116\140\000R\000e\000A\000c\000t\000o\000r}{section.5.1}% 122
\BOOKMARK [2][-]{subsection.5.1.2}{\376\377\123\302\200\003}{section.5.1}% 123
\BOOKMARK [1][-]{section.5.2}{\376\377\226\073\130\136\000I\000O\147\015\122\241\126\150\152\041\127\213\116\113\123\125\176\277\172\013\147\015\122\241\126\150\152\041\127\213}{chapter.5}% 124
\BOOKMARK [1][-]{section.5.3}{\376\377\000P\000r\000o\000A\000c\000t\000o\000r}{chapter.5}% 125
\BOOKMARK [1][-]{section.5.4}{\376\377\000R\000e\000a\000c\000t\000o\000r\000\040\000w\000i\000t\000h\000\040\000P\000r\000o\000a\000c\000t\000o\000r}{chapter.5}% 126
\BOOKMARK [2][-]{subsection.5.4.1}{\376\377\000r\000e\000a\000c\000t\000o\000r}{section.5.4}% 127
\BOOKMARK [2][-]{subsection.5.4.2}{\376\377\000p\000r\000o\000a\000c\000t\000o\000r}{section.5.4}% 128
\BOOKMARK [2][-]{subsection.5.4.3}{\376\377\123\072\122\053}{section.5.4}% 129
\BOOKMARK [1][-]{section.5.5}{\376\377\123\112\124\014\153\145\123\112\137\002\153\145\152\041\127\213}{chapter.5}% 130
\BOOKMARK [2][-]{subsection.5.5.1}{\376\377\124\014\153\145}{section.5.5}% 131
\BOOKMARK [2][-]{subsection.5.5.2}{\376\377\137\002\153\145}{section.5.5}% 132
\BOOKMARK [2][-]{subsection.5.5.3}{\376\377\123\112\124\014\153\145\123\112\137\002\153\145}{section.5.5}% 133
\BOOKMARK [1][-]{section.5.6}{\376\377\230\206\133\374\200\005\217\375\226\217\200\005\152\041\137\017}{chapter.5}% 134
\BOOKMARK [0][-]{chapter.6}{\376\377\131\202\117\125\117\177\165\050\131\032\123\360\147\072\126\150\136\166\210\114\131\004\164\006\145\160\143\156}{}% 135
\BOOKMARK [1][-]{section.6.1}{\376\377\226\306\177\244\147\015\122\241\126\150}{chapter.6}% 136
\BOOKMARK [1][-]{section.6.2}{\376\377\122\006\136\003\137\017\147\015\122\241\126\150}{chapter.6}% 137
\BOOKMARK [0][-]{chapter.7}{\376\377\214\003\213\325}{}% 138
\BOOKMARK [1][-]{section.7.1}{\376\377\000A\000C\000K\000\040\116\016\000\040\000S\000e\000q}{chapter.7}% 139
\BOOKMARK [2][-]{subsection.7.1.1}{\376\377\136\372\172\313\116\016\221\312\145\076\226\066\153\265}{section.7.1}% 140
\BOOKMARK [2][-]{subsection.7.1.2}{\376\377\145\160\143\156\117\040\217\223\226\066\153\265}{section.7.1}% 141
\BOOKMARK [1][-]{section.7.2}{\376\377\000s\000t\000r\000a\000c\000e}{chapter.7}% 142
\BOOKMARK [2][-]{subsection.7.2.1}{\376\377\143\007\133\232\217\375\216\052\174\173\127\213}{section.7.2}% 143
\BOOKMARK [1][-]{section.7.3}{\376\377\000t\000c\000p\000d\000u\000m\000p}{chapter.7}% 144
\BOOKMARK [1][-]{section.7.4}{\376\377\000n\000c}{chapter.7}% 145
\BOOKMARK [1][-]{section.7.5}{\376\377\000l\000s\000o\000f}{chapter.7}% 146
\BOOKMARK [1][-]{section.7.6}{\376\377\000n\000e\000t\000s\000t\000a\000t}{chapter.7}% 147
\BOOKMARK [1][-]{section.7.7}{\376\377\000v\000m\000s\000t\000a\000t}{chapter.7}% 148
\BOOKMARK [1][-]{section.7.8}{\376\377\000i\000f\000s\000t\000a\000t}{chapter.7}% 149
\BOOKMARK [1][-]{section.7.9}{\376\377\000m\000p\000s\000t\000a\000t}{chapter.7}% 150
\BOOKMARK [1][-]{section.7.10}{\376\377\000t\000o\000p}{chapter.7}% 151
\BOOKMARK [1][-]{section.7.11}{\376\377\000p\000i\000n\000g}{chapter.7}% 152
\BOOKMARK [0][-]{chapter.8}{\376\377\164\006\213\272}{}% 153
\BOOKMARK [1][-]{section.8.1}{\376\377\177\121\176\334\166\204\140\047\200\375}{chapter.8}% 154
\BOOKMARK [2][-]{subsection.8.1.1}{\376\377\220\037\163\207}{section.8.1}% 155
\BOOKMARK [2][-]{subsection.8.1.2}{\376\377\136\046\133\275}{section.8.1}% 156
\BOOKMARK [2][-]{subsection.8.1.3}{\376\377\124\036\124\020\221\317}{section.8.1}% 157
\BOOKMARK [2][-]{subsection.8.1.4}{\376\377\145\366\136\366}{section.8.1}% 158
\BOOKMARK [2][-]{subsection.8.1.5}{\376\377\145\366\136\366\136\046\133\275\171\357}{section.8.1}% 159
\BOOKMARK [2][-]{subsection.8.1.6}{\376\377\137\200\217\324\145\366\225\364\000R\000T\000T}{section.8.1}% 160
\BOOKMARK [2][-]{subsection.8.1.7}{\376\377\122\051\165\050\163\207}{section.8.1}% 161
\BOOKMARK [1][-]{section.8.2}{\376\377\136\224\165\050\134\102\000\040}{chapter.8}% 162
\BOOKMARK [2][-]{subsection.8.2.1}{\376\377\127\337\124\015\174\373\176\337\000\040\000D\000N\000S}{section.8.2}% 163
\BOOKMARK [2][-]{subsection.8.2.2}{\376\377\145\207\116\366\117\040\220\001\000\040\000F\000T\000P}{section.8.2}% 164
\BOOKMARK [2][-]{subsection.8.2.3}{\376\377\116\007\176\364\000\040\000W\000W\000W}{section.8.2}% 165
\BOOKMARK [2][-]{subsection.8.2.4}{\376\377\122\250\140\001\116\073\147\072\221\115\177\156\000\040\000D\000H\000C\000P}{section.8.2}% 166
\BOOKMARK [2][-]{subsection.8.2.5}{\376\377\165\065\133\120\220\256\116\366\000\040\000S\000M\000T\000P\000\040\000I\000M\000A\000P}{section.8.2}% 167
\BOOKMARK [2][-]{subsection.8.2.6}{\376\377\173\200\123\125\177\121\176\334\173\241\164\006\000\040\000S\000N\000M\000P}{section.8.2}% 168
\BOOKMARK [2][-]{subsection.8.2.7}{\376\377\000A\000P\000P\000\040\122\006\122\053\117\177\165\050\117\040\217\223\134\102\166\204\000\040\123\117\213\256\133\371\161\147}{section.8.2}% 169
\BOOKMARK [1][-]{section.8.3}{\376\377\117\040\217\223\134\102\000\040\000T\000C\000P}{chapter.8}% 170
\BOOKMARK [2][-]{subsection.8.3.1}{\376\377\127\372\147\054\151\202\137\365\133\371\161\147}{section.8.3}% 171
\BOOKMARK [2][-]{subsection.8.3.2}{\376\377\000U\000D\000P}{section.8.3}% 172
\BOOKMARK [2][-]{subsection.8.3.3}{\376\377\000T\000C\000P}{section.8.3}% 173
\BOOKMARK [1][-]{section.8.4}{\376\377\177\121\176\334\134\102\000\040\000I\000P}{chapter.8}% 174
\BOOKMARK [2][-]{subsection.8.4.1}{\376\377\122\006\174\173\166\204\000I\000P\127\060\127\100}{section.8.4}% 175
\BOOKMARK [2][-]{subsection.8.4.2}{\376\377\133\120\177\121\143\251\170\001}{section.8.4}% 176
\BOOKMARK [1][-]{section.8.5}{\376\377\145\160\143\156\224\376\215\357\134\102\000\040\000H\000a\000r\000d\000w\000a\000r\000e}{chapter.8}% 177
\BOOKMARK [0][-]{chapter.9}{\376\377\215\104\156\220}{}% 178
\BOOKMARK [1][-]{section.9.1}{\376\377\213\373\116\146\215\357\176\277}{chapter.9}% 179
\BOOKMARK [1][-]{section.9.2}{\376\377\230\171\166\356\133\146\116\140}{chapter.9}% 180
\BOOKMARK [1][-]{section.9.3}{\376\377\123\302\200\003}{chapter.9}% 181
